Change Component Designator: OldDesignator=ACC? NewDesignator=ACC
Change Component Designator: OldDesignator=BPS? NewDesignator=BPS
Change Component Designator: OldDesignator=C? NewDesignator=C4
Change Component Designator: OldDesignator=C? NewDesignator=C6
Change Component Designator: OldDesignator=C? NewDesignator=C7
Change Component Designator: OldDesignator=C? NewDesignator=C9
Change Component Designator: OldDesignator=C? NewDesignator=C11
Change Component Designator: OldDesignator=C? NewDesignator=C12
Change Component Designator: OldDesignator=C? NewDesignator=C20
Change Component Designator: OldDesignator=C? NewDesignator=C21
Change Component Designator: OldDesignator=C? NewDesignator=C22
Change Component Designator: OldDesignator=C? NewDesignator=C23
Change Component Designator: OldDesignator=C? NewDesignator=C24
Change Component Designator: OldDesignator=C? NewDesignator=C25
Change Component Designator: OldDesignator=C? NewDesignator=C26
Change Component Designator: OldDesignator=C? NewDesignator=C27
Change Component Designator: OldDesignator=C? NewDesignator=C28
Change Component Designator: OldDesignator=C? NewDesignator=C29
Change Component Designator: OldDesignator=C? NewDesignator=C30
Change Component Designator: OldDesignator=C? NewDesignator=C31
Change Component Designator: OldDesignator=C? NewDesignator=C32
Change Component Designator: OldDesignator=C? NewDesignator=C33
Change Component Designator: OldDesignator=C? NewDesignator=C34
Change Component Designator: OldDesignator=D? NewDesignator=D1
Change Component Designator: OldDesignator=DS? NewDesignator=DS1
Change Component Designator: OldDesignator=F? NewDesignator=F1
Change Component Designator: OldDesignator=FB? NewDesignator=FB1
Change Component Designator: OldDesignator=FB? NewDesignator=FB2
Change Component Designator: OldDesignator=FB? NewDesignator=FB3
Change Component Designator: OldDesignator=IMU? NewDesignator=IMU
Change Component Designator: OldDesignator=J? NewDesignator=J1
Change Component Designator: OldDesignator=JP? NewDesignator=JP1
Change Component Designator: OldDesignator=JP? NewDesignator=JP2
Change Component Designator: OldDesignator=P? NewDesignator=P1
Change Component Designator: OldDesignator=P? NewDesignator=P2
Change Component Designator: OldDesignator=P? NewDesignator=P3
Change Component Designator: OldDesignator=P? NewDesignator=P4
Change Component Designator: OldDesignator=P? NewDesignator=P5
Change Component Designator: OldDesignator=R? NewDesignator=R1
Change Component Designator: OldDesignator=R? NewDesignator=R2
Change Component Designator: OldDesignator=R? NewDesignator=R3
Change Component Designator: OldDesignator=R? NewDesignator=R10
Change Component Designator: OldDesignator=R? NewDesignator=R11
Change Component Designator: OldDesignator=R? NewDesignator=R12
Change Component Designator: OldDesignator=SD? NewDesignator=SD
Change Component Designator: OldDesignator=Y? NewDesignator=Y1
Change Component Designator: OldDesignator=Y? NewDesignator=Y2
Change Net Name : Old Net Name=NetACC?_1 New Net Name=NetACC_1
Change Net Name : Old Net Name=NetACC?_2 New Net Name=NetACC_2
Change Net Name : Old Net Name=NetACC?_3 New Net Name=NetACC_3
Change Net Name : Old Net Name=NetACC?_4 New Net Name=NetACC_4
Change Net Name : Old Net Name=NetACC?_5 New Net Name=NetACC_5
Change Net Name : Old Net Name=NetACC?_6 New Net Name=NetACC_6
Change Net Name : Old Net Name=NetACC?_8 New Net Name=NetACC_8
Change Net Name : Old Net Name=NetACC?_10 New Net Name=NetACC_10
Change Net Name : Old Net Name=NetACC?_12 New Net Name=NetACC_12
Change Net Name : Old Net Name=NetBPS?_4 New Net Name=NetBPS_4
Change Net Name : Old Net Name=NetC?_1 New Net Name=NetC12_1
Change Net Name : Old Net Name=NetC?_2 New Net Name=NetC6_2
Change Net Name : Old Net Name=NetD?_2 New Net Name=NetD1_2
Change Net Name : Old Net Name=NetDS?_2 New Net Name=NetDS1_2
Change Net Name : Old Net Name=NetF?_1 New Net Name=NetF1_1
Change Net Name : Old Net Name=NetF?_2 New Net Name=NetF1_2
Change Net Name : Old Net Name=NetIMU?_12 New Net Name=NetIMU_12
Change Net Name : Old Net Name=NetIMU?_23 New Net Name=NetIMU_23
Change Net Name : Old Net Name=NetIMU?_24 New Net Name=NetIMU_24
Change Net Name : Old Net Name=NetJ?_1 New Net Name=NetJ1_1
Added Pin To Net: NetName=NetC6_1 Pin=C6-1
Added Pin To Net: NetName=NetC6_1 Pin=MCU?-37
Added Pin To Net: NetName=NetC6_1 Pin=P2-1
Added Net: Name=NetC6_1
Added Pin To Net: NetName=NetC7_1 Pin=C7-1
Added Pin To Net: NetName=NetC7_1 Pin=MCU?-32
Added Pin To Net: NetName=NetC7_1 Pin=P1-32
Added Pin To Net: NetName=NetC7_1 Pin=R3-1
Added Net: Name=NetC7_1
Added Pin To Net: NetName=NetC9_1 Pin=C9-1
Added Pin To Net: NetName=NetC9_1 Pin=J?-1
Added Pin To Net: NetName=NetC9_1 Pin=JP2-1
Added Net: Name=NetC9_1
Added Pin To Net: NetName=NetC34_1 Pin=C34-1
Added Pin To Net: NetName=NetC34_1 Pin=IMU-10
Added Net: Name=NetC34_1
Added Member To Class: ClassName=Sheet1 Member=Component C4 0805
Added Member To Class: ClassName=Sheet1 Member=Component C6 0805
Added Member To Class: ClassName=Sheet1 Member=Component C7 0805
Added Member To Class: ClassName=Sheet1 Member=Component C11 0805
Added Member To Class: ClassName=Sheet1 Member=Component C12 0805
Added Member To Class: ClassName=Sheet1 Member=Component C20 0805
Added Member To Class: ClassName=Sheet1 Member=Component C21 0805
Added Member To Class: ClassName=Sheet1 Member=Component C22 0805
Added Member To Class: ClassName=Sheet1 Member=Component C23 0805
Added Member To Class: ClassName=Sheet1 Member=Component C24 0805
Added Member To Class: ClassName=Sheet1 Member=Component C25 0805
Added Member To Class: ClassName=Sheet1 Member=Component C26 0805
Added Member To Class: ClassName=Sheet1 Member=Component C27 0805
Added Member To Class: ClassName=Sheet1 Member=Component C28 0805
Added Member To Class: ClassName=Sheet1 Member=Component C29 0805
Added Member To Class: ClassName=Sheet1 Member=Component C30 0805
Added Member To Class: ClassName=Sheet1 Member=Component C31 0805
Added Member To Class: ClassName=Sheet1 Member=Component C32 0805
Added Member To Class: ClassName=Sheet1 Member=Component C33 0805
Added Member To Class: ClassName=Sheet1 Member=Component C34 0805
Added Member To Class: ClassName=Sheet1 Member=Component FB2 742792651
Added Member To Class: ClassName=Sheet1 Member=Component FB3 742792651
Added Member To Class: ClassName=Sheet1 Member=Component J? 47589-0001
Added Member To Class: ClassName=Sheet1 Member=Component JP2 0603
Added Member To Class: ClassName=Sheet1 Member=Component P1 Header 18X2
Added Member To Class: ClassName=Sheet1 Member=Component P3 Header 18X2
Added Member To Class: ClassName=Sheet1 Member=Component P4 Header 18X2
Added Member To Class: ClassName=Sheet1 Member=Component P5 Header 3X2
Added Member To Class: ClassName=Sheet1 Member=Component R1 0603
Added Member To Class: ClassName=Sheet1 Member=Component R2 0603
Added Member To Class: ClassName=Sheet1 Member=Component R3 0603
Added Member To Class: ClassName=Sheet1 Member=Component R10 0603
Added Member To Class: ClassName=Sheet1 Member=Component R11 0603
Added Member To Class: ClassName=Sheet1 Member=Component Y2 ECS-.327-12.5-12-TR
