Added Component: Designator=J?(ROS-32K101-400L5_V)
Add component (AddParameter): Name = "ComponentLink1Description"; Value = "Manufacturer URL"; VariantName = "[No Variations]"
Add component (AddParameter): Name = "ComponentLink1URL"; Value = "http://www.rosenberger.de"; VariantName = "[No Variations]"
Add component (AddParameter): Name = "ComponentLink2Description"; Value = "Datasheet"; VariantName = "[No Variations]"
Add component (AddParameter): Name = "ComponentLink2URL"; Value = "http://rosenberger.de/ok/images/documents/db/32K101-400L5.pdf"; VariantName = "[No Variations]"
Add component (AddParameter): Name = "ComponentLink3Description"; Value = "Package Specification"; VariantName = "[No Variations]"
Add component (AddParameter): Name = "ComponentLink3URL"; Value = "http://rosenberger.de/ok/images/documents/db/32K101-400L5.pdf"; VariantName = "[No Variations]"
Add component (AddParameter): Name = "ComponentLink4Description"; Value = "Series Overview / Design Note"; VariantName = "[No Variations]"
Add component (AddParameter): Name = "ComponentLink4URL"; Value = "http://rosenberger.de/ok/images/documents/spez/32.pdf"; VariantName = "[No Variations]"
Add component (AddParameter): Name = "ComponentLink5Description"; Value = "Webshop / RFQ"; VariantName = "[No Variations]"
Add component (AddParameter): Name = "ComponentLink5URL"; Value = "http://www.rosenberger.com/en/contact/sales/"; VariantName = "[No Variations]"
Add component (AddParameter): Name = "DatasheetVersion"; Value = "a00"; VariantName = "[No Variations]"
Add component (AddParameter): Name = "Design Note"; Value = "Footprint in library is a generic example - only application specific footprint delivers High Performance"; VariantName = "[No Variations]"
Add component (AddParameter): Name = "Manufacturer"; Value = "Rosenberger"; VariantName = "[No Variations]"
Add component (AddParameter): Name = "Mounting Technology"; Value = "Through Hole"; VariantName = "[No Variations]"
Add component (AddParameter): Name = "PackageDescription"; Value = "SMA Straight Jack, 6.35 x 6.35 x 9.5 mm"; VariantName = "[No Variations]"
Add component (AddParameter): Name = "PackageReference"; Value = "32K101-400L5"; VariantName = "[No Variations]"
Add component (AddParameter): Name = "PackageVersion"; Value = "a00"; VariantName = "[No Variations]"
Add component (AddParameter): Name = "PartNumber"; Value = "32K101-400L5"; VariantName = "[No Variations]"
Added Member To Class: ClassName=Sheet1 Member=Component J? 32K101-400L5
Added Member To Class: ClassName=Sheet1 Member=Component P1 Header 18X2
Added Member To Class: ClassName=Sheet1 Member=Component P2 Header 18X2
