Removed Pin From Net: NetName=NetMCU_1 Pin=MCU-1
Removed Pin From Net: NetName=NetMCU_2 Pin=MCU-2
Removed Pin From Net: NetName=NetMCU_3 Pin=MCU-3
Removed Pin From Net: NetName=NetMCU_4 Pin=MCU-4
Removed Pin From Net: NetName=3.3V Pin=MCU-5
Removed Pin From Net: NetName=GND Pin=MCU-6
Removed Pin From Net: NetName=NetMCU_7 Pin=MCU-7
Removed Pin From Net: NetName=NetMCU_8 Pin=MCU-8
Removed Pin From Net: NetName=NetMCU_9 Pin=MCU-9
Removed Pin From Net: NetName=NetMCU_10 Pin=MCU-10
Removed Pin From Net: NetName=NetMCU_11 Pin=MCU-11
Removed Pin From Net: NetName=NetMCU_12 Pin=MCU-12
Removed Pin From Net: NetName=NetMCU_13 Pin=MCU-13
Removed Pin From Net: NetName=NetMCU_14 Pin=MCU-14
Removed Pin From Net: NetName=NetMCU_15 Pin=MCU-15
Removed Pin From Net: NetName=3.3V Pin=MCU-16
Removed Pin From Net: NetName=GND Pin=MCU-17
Removed Pin From Net: NetName=GND Pin=MCU-18
Removed Pin From Net: NetName=NetMCU_19 Pin=MCU-19
Removed Pin From Net: NetName=NetMCU_20 Pin=MCU-20
Removed Pin From Net: NetName=NetMCU_21 Pin=MCU-21
Removed Pin From Net: NetName=NetMCU_22 Pin=MCU-22
Removed Pin From Net: NetName=NetMCU_23 Pin=MCU-23
Removed Pin From Net: NetName=NetMCU_24 Pin=MCU-24
Removed Pin From Net: NetName=NetMCU_25 Pin=MCU-25
Removed Pin From Net: NetName=NetMCU_26 Pin=MCU-26
Removed Pin From Net: NetName=NetMCU_27 Pin=MCU-27
Removed Pin From Net: NetName=NetMCU_28 Pin=MCU-28
Removed Pin From Net: NetName=NetMCU_29 Pin=MCU-29
Removed Pin From Net: NetName=NetMCU_30 Pin=MCU-30
Removed Pin From Net: NetName=NetC12_1 Pin=MCU-31
Removed Pin From Net: NetName=NetC7_1 Pin=MCU-32
Removed Pin From Net: NetName=NetC6_2 Pin=MCU-33
Removed Pin From Net: NetName=NetC6_2 Pin=MCU-34
Removed Pin From Net: NetName=NetMCU_35 Pin=MCU-35
Removed Pin From Net: NetName=NetMCU_36 Pin=MCU-36
Removed Pin From Net: NetName=NetC6_1 Pin=MCU-37
Removed Pin From Net: NetName=NetMCU_38 Pin=MCU-38
Removed Pin From Net: NetName=NetMCU_39 Pin=MCU-39
Removed Pin From Net: NetName=NetMCU_40 Pin=MCU-40
Removed Pin From Net: NetName=NetMCU_41 Pin=MCU-41
Removed Pin From Net: NetName=NetMCU_42 Pin=MCU-42
Removed Pin From Net: NetName=3.3V Pin=MCU-43
Removed Pin From Net: NetName=GND Pin=MCU-44
Removed Pin From Net: NetName=NetMCU_45 Pin=MCU-45
Removed Pin From Net: NetName=NetMCU_46 Pin=MCU-46
Removed Pin From Net: NetName=NetGPS_5 Pin=MCU-47
Removed Pin From Net: NetName=NetMCU_48 Pin=MCU-48
Removed Pin From Net: NetName=NetMCU_49 Pin=MCU-49
Removed Pin From Net: NetName=NetMCU_50 Pin=MCU-50
Removed Pin From Net: NetName=NetBOOT_6 Pin=MCU-51
Removed Pin From Net: NetName=NetBOOT_9 Pin=MCU-52
Removed Pin From Net: NetName=NetMCU_53 Pin=MCU-53
Removed Pin From Net: NetName=NetMCU_54 Pin=MCU-54
Removed Pin From Net: NetName=NetGPS_4 Pin=MCU-55
Removed Pin From Net: NetName=3.3V Pin=MCU-56
Removed Pin From Net: NetName=NetC22_2 Pin=MCU-57
Removed Pin From Net: NetName=NetMCU_58 Pin=MCU-58
Removed Pin From Net: NetName=NetMCU_59 Pin=MCU-59
Removed Pin From Net: NetName=NetMCU_60 Pin=MCU-60
Removed Pin From Net: NetName=NetMCU_61 Pin=MCU-61
Removed Pin From Net: NetName=NetMCU_62 Pin=MCU-62
Removed Pin From Net: NetName=NetMCU_63 Pin=MCU-63
Removed Pin From Net: NetName=NetMCU_64 Pin=MCU-64
Removed Pin From Net: NetName=NetMCU_65 Pin=MCU-65
Removed Pin From Net: NetName=NetMCU_66 Pin=MCU-66
Removed Pin From Net: NetName=NetMCU_67 Pin=MCU-67
Removed Pin From Net: NetName=NetMCU_68 Pin=MCU-68
Removed Pin From Net: NetName=NetMCU_69 Pin=MCU-69
Removed Pin From Net: NetName=3.3V Pin=MCU-70
Removed Pin From Net: NetName=NetC22_2 Pin=MCU-71
Removed Pin From Net: NetName=NetMCU_72 Pin=MCU-72
Removed Pin From Net: NetName=NetMCU_73 Pin=MCU-73
Removed Pin From Net: NetName=NetMCU_74 Pin=MCU-74
Removed Pin From Net: NetName=NetMCU_75 Pin=MCU-75
Removed Pin From Net: NetName=NetMCU_76 Pin=MCU-76
Removed Pin From Net: NetName=NetMCU_77 Pin=MCU-77
Removed Pin From Net: NetName=NetMCU_78 Pin=MCU-78
Removed Pin From Net: NetName=NetMCU_79 Pin=MCU-79
Removed Pin From Net: NetName=NetMCU_80 Pin=MCU-80
Removed Pin From Net: NetName=NetMCU_81 Pin=MCU-81
Removed Pin From Net: NetName=NetIMU_12 Pin=MCU-82
Removed Pin From Net: NetName=SCK Pin=MCU-83
Removed Pin From Net: NetName=SDA Pin=MCU-84
Removed Pin From Net: NetName=NetMCU_85 Pin=MCU-85
Removed Pin From Net: NetName=NetMCU_86 Pin=MCU-86
Removed Pin From Net: NetName=NetMCU_87 Pin=MCU-87
Removed Pin From Net: NetName=NetMCU_88 Pin=MCU-88
Removed Pin From Net: NetName=NetMCU_89 Pin=MCU-89
Removed Pin From Net: NetName=NetMCU_90 Pin=MCU-90
Removed Pin From Net: NetName=NetMCU_91 Pin=MCU-91
Removed Pin From Net: NetName=NetMCU_92 Pin=MCU-92
Removed Pin From Net: NetName=NetC22_2 Pin=MCU-93
Removed Pin From Net: NetName=3.3V Pin=MCU-94
Removed Pin From Net: NetName=NRF IRQ Pin=MCU-95
Removed Pin From Net: NetName=NRF CE Pin=MCU-96
Removed Pin From Net: NetName=NetMCU_97 Pin=MCU-97
Removed Pin From Net: NetName=NetMCU_98 Pin=MCU-98
Removed Pin From Net: NetName=NetMCU_99 Pin=MCU-99
Removed Pin From Net: NetName=NetMCU_100 Pin=MCU-100
Removed Pin From Net: NetName=NetMCU_101 Pin=MCU-101
Removed Pin From Net: NetName=NetMCU_102 Pin=MCU-102
Removed Pin From Net: NetName=NetMCU_103 Pin=MCU-103
Removed Pin From Net: NetName=NetMCU_104 Pin=MCU-104
Removed Pin From Net: NetName=NetMCU_105 Pin=MCU-105
Removed Pin From Net: NetName=NetACC_10 Pin=MCU-106
Removed Pin From Net: NetName=GND Pin=MCU-107
Removed Pin From Net: NetName=3.3V Pin=MCU-108
Removed Pin From Net: NetName=NetBPS_4 Pin=MCU-109
Removed Pin From Net: NetName=SCK Pin=MCU-110
Removed Pin From Net: NetName=MOSI Pin=MCU-111
Removed Pin From Net: NetName=MISO Pin=MCU-112
Removed Pin From Net: NetName=NetMCU_113 Pin=MCU-113
Removed Pin From Net: NetName=NetMCU_114 Pin=MCU-114
Removed Pin From Net: NetName=NetMCU_115 Pin=MCU-115
Removed Pin From Net: NetName=NetMCU_116 Pin=MCU-116
Removed Pin From Net: NetName=NetMCU_117 Pin=MCU-117
Removed Pin From Net: NetName=NetMCU_118 Pin=MCU-118
Removed Pin From Net: NetName=NetMCU_119 Pin=MCU-119
Removed Pin From Net: NetName=NetMCU_120 Pin=MCU-120
Removed Pin From Net: NetName=GND Pin=MCU-121
Removed Pin From Net: NetName=3.3V Pin=MCU-122
Removed Pin From Net: NetName=NetMCU_123 Pin=MCU-123
Removed Pin From Net: NetName=NetMCU_124 Pin=MCU-124
Removed Pin From Net: NetName=NetMCU_125 Pin=MCU-125
Removed Pin From Net: NetName=NetMCU_126 Pin=MCU-126
Removed Pin From Net: NetName=NRF CSN Pin=MCU-127
Removed Pin From Net: NetName=NetMCU_128 Pin=MCU-128
Removed Pin From Net: NetName=NetACC_6 Pin=MCU-129
Removed Pin From Net: NetName=NetACC_5 Pin=MCU-130
Removed Pin From Net: NetName=NetACC_4 Pin=MCU-131
Removed Pin From Net: NetName=NetMCU_132 Pin=MCU-132
Removed Pin From Net: NetName=NetMCU_133 Pin=MCU-133
Removed Pin From Net: NetName=GND Pin=MCU-134
Removed Pin From Net: NetName=3.3V Pin=MCU-135
Removed Pin From Net: NetName=NetMCU_136 Pin=MCU-136
Removed Pin From Net: NetName=NetMCU_137 Pin=MCU-137
Removed Pin From Net: NetName=NetMCU_138 Pin=MCU-138
Removed Pin From Net: NetName=NetMCU_139 Pin=MCU-139
Removed Pin From Net: NetName=NetMCU_140 Pin=MCU-140
Removed Pin From Net: NetName=NetMCU_141 Pin=MCU-141
Removed Pin From Net: NetName=NetMCU_142 Pin=MCU-142
Removed Pin From Net: NetName=NetMCU_143 Pin=MCU-143
Removed Pin From Net: NetName=NetMCU_144 Pin=MCU-144
Added Component: Designator=MCU(LQFP144 0.5mm Pitch)
Added Pin To Net: NetName=NetMCU_1 Pin=MCU-1
Added Pin To Net: NetName=NetMCU_2 Pin=MCU-2
Added Pin To Net: NetName=NetMCU_3 Pin=MCU-3
Added Pin To Net: NetName=NetMCU_4 Pin=MCU-4
Added Pin To Net: NetName=3.3V Pin=MCU-5
Added Pin To Net: NetName=GND Pin=MCU-6
Added Pin To Net: NetName=NetMCU_7 Pin=MCU-7
Added Pin To Net: NetName=NetMCU_8 Pin=MCU-8
Added Pin To Net: NetName=NetMCU_9 Pin=MCU-9
Added Pin To Net: NetName=NetMCU_10 Pin=MCU-10
Added Pin To Net: NetName=NetMCU_11 Pin=MCU-11
Added Pin To Net: NetName=NetMCU_12 Pin=MCU-12
Added Pin To Net: NetName=NetMCU_13 Pin=MCU-13
Added Pin To Net: NetName=NetMCU_14 Pin=MCU-14
Added Pin To Net: NetName=NetMCU_15 Pin=MCU-15
Added Pin To Net: NetName=3.3V Pin=MCU-16
Added Pin To Net: NetName=GND Pin=MCU-17
Added Pin To Net: NetName=GND Pin=MCU-18
Added Pin To Net: NetName=NetMCU_19 Pin=MCU-19
Added Pin To Net: NetName=NetMCU_20 Pin=MCU-20
Added Pin To Net: NetName=NetMCU_21 Pin=MCU-21
Added Pin To Net: NetName=NetMCU_22 Pin=MCU-22
Added Pin To Net: NetName=NetMCU_23 Pin=MCU-23
Added Pin To Net: NetName=NetMCU_24 Pin=MCU-24
Added Pin To Net: NetName=NetMCU_25 Pin=MCU-25
Added Pin To Net: NetName=NetMCU_26 Pin=MCU-26
Added Pin To Net: NetName=NetMCU_27 Pin=MCU-27
Added Pin To Net: NetName=NetMCU_28 Pin=MCU-28
Added Pin To Net: NetName=NetMCU_29 Pin=MCU-29
Added Pin To Net: NetName=NetMCU_30 Pin=MCU-30
Added Pin To Net: NetName=NetC12_1 Pin=MCU-31
Added Pin To Net: NetName=NetC7_1 Pin=MCU-32
Added Pin To Net: NetName=NetC6_2 Pin=MCU-33
Added Pin To Net: NetName=NetC6_2 Pin=MCU-34
Added Pin To Net: NetName=NetMCU_35 Pin=MCU-35
Added Pin To Net: NetName=NetMCU_36 Pin=MCU-36
Added Pin To Net: NetName=NetC6_1 Pin=MCU-37
Added Pin To Net: NetName=NetMCU_38 Pin=MCU-38
Added Pin To Net: NetName=NetMCU_39 Pin=MCU-39
Added Pin To Net: NetName=NetMCU_40 Pin=MCU-40
Added Pin To Net: NetName=NetMCU_41 Pin=MCU-41
Added Pin To Net: NetName=NetMCU_42 Pin=MCU-42
Added Pin To Net: NetName=3.3V Pin=MCU-43
Added Pin To Net: NetName=GND Pin=MCU-44
Added Pin To Net: NetName=NetMCU_45 Pin=MCU-45
Added Pin To Net: NetName=NetMCU_46 Pin=MCU-46
Added Pin To Net: NetName=NetGPS_5 Pin=MCU-47
Added Pin To Net: NetName=NetMCU_48 Pin=MCU-48
Added Pin To Net: NetName=NetMCU_49 Pin=MCU-49
Added Pin To Net: NetName=NetMCU_50 Pin=MCU-50
Added Pin To Net: NetName=NetBOOT_6 Pin=MCU-51
Added Pin To Net: NetName=NetBOOT_9 Pin=MCU-52
Added Pin To Net: NetName=NetMCU_53 Pin=MCU-53
Added Pin To Net: NetName=NetMCU_54 Pin=MCU-54
Added Pin To Net: NetName=NetGPS_4 Pin=MCU-55
Added Pin To Net: NetName=3.3V Pin=MCU-56
Added Pin To Net: NetName=NetC22_2 Pin=MCU-57
Added Pin To Net: NetName=NetMCU_58 Pin=MCU-58
Added Pin To Net: NetName=NetMCU_59 Pin=MCU-59
Added Pin To Net: NetName=NetMCU_60 Pin=MCU-60
Added Pin To Net: NetName=NetMCU_61 Pin=MCU-61
Added Pin To Net: NetName=NetMCU_62 Pin=MCU-62
Added Pin To Net: NetName=NetMCU_63 Pin=MCU-63
Added Pin To Net: NetName=NetMCU_64 Pin=MCU-64
Added Pin To Net: NetName=NetMCU_65 Pin=MCU-65
Added Pin To Net: NetName=NetMCU_66 Pin=MCU-66
Added Pin To Net: NetName=NetMCU_67 Pin=MCU-67
Added Pin To Net: NetName=NetMCU_68 Pin=MCU-68
Added Pin To Net: NetName=NetMCU_69 Pin=MCU-69
Added Pin To Net: NetName=3.3V Pin=MCU-70
Added Pin To Net: NetName=NetC22_2 Pin=MCU-71
Added Pin To Net: NetName=NetMCU_72 Pin=MCU-72
Added Pin To Net: NetName=NetMCU_73 Pin=MCU-73
Added Pin To Net: NetName=NetMCU_74 Pin=MCU-74
Added Pin To Net: NetName=NetMCU_75 Pin=MCU-75
Added Pin To Net: NetName=NetMCU_76 Pin=MCU-76
Added Pin To Net: NetName=NetMCU_77 Pin=MCU-77
Added Pin To Net: NetName=NetMCU_78 Pin=MCU-78
Added Pin To Net: NetName=NetMCU_79 Pin=MCU-79
Added Pin To Net: NetName=NetMCU_80 Pin=MCU-80
Added Pin To Net: NetName=NetMCU_81 Pin=MCU-81
Added Pin To Net: NetName=NetIMU_12 Pin=MCU-82
Added Pin To Net: NetName=SCK Pin=MCU-83
Added Pin To Net: NetName=SDA Pin=MCU-84
Added Pin To Net: NetName=NetMCU_85 Pin=MCU-85
Added Pin To Net: NetName=NetMCU_86 Pin=MCU-86
Added Pin To Net: NetName=NetMCU_87 Pin=MCU-87
Added Pin To Net: NetName=NetMCU_88 Pin=MCU-88
Added Pin To Net: NetName=NetMCU_89 Pin=MCU-89
Added Pin To Net: NetName=NetMCU_90 Pin=MCU-90
Added Pin To Net: NetName=NetMCU_91 Pin=MCU-91
Added Pin To Net: NetName=NetMCU_92 Pin=MCU-92
Added Pin To Net: NetName=NetC22_2 Pin=MCU-93
Added Pin To Net: NetName=3.3V Pin=MCU-94
Added Pin To Net: NetName=NRF IRQ Pin=MCU-95
Added Pin To Net: NetName=NRF CE Pin=MCU-96
Added Pin To Net: NetName=NetMCU_97 Pin=MCU-97
Added Pin To Net: NetName=NetMCU_98 Pin=MCU-98
Added Pin To Net: NetName=NetMCU_99 Pin=MCU-99
Added Pin To Net: NetName=NetMCU_100 Pin=MCU-100
Added Pin To Net: NetName=NetMCU_101 Pin=MCU-101
Added Pin To Net: NetName=NetMCU_102 Pin=MCU-102
Added Pin To Net: NetName=NetMCU_103 Pin=MCU-103
Added Pin To Net: NetName=NetMCU_104 Pin=MCU-104
Added Pin To Net: NetName=NetMCU_105 Pin=MCU-105
Added Pin To Net: NetName=NetACC_10 Pin=MCU-106
Added Pin To Net: NetName=GND Pin=MCU-107
Added Pin To Net: NetName=3.3V Pin=MCU-108
Added Pin To Net: NetName=NetBPS_4 Pin=MCU-109
Added Pin To Net: NetName=SCK Pin=MCU-110
Added Pin To Net: NetName=MOSI Pin=MCU-111
Added Pin To Net: NetName=MISO Pin=MCU-112
Added Pin To Net: NetName=NetMCU_113 Pin=MCU-113
Added Pin To Net: NetName=NetMCU_114 Pin=MCU-114
Added Pin To Net: NetName=NetMCU_115 Pin=MCU-115
Added Pin To Net: NetName=NetMCU_116 Pin=MCU-116
Added Pin To Net: NetName=NetMCU_117 Pin=MCU-117
Added Pin To Net: NetName=NetMCU_118 Pin=MCU-118
Added Pin To Net: NetName=NetMCU_119 Pin=MCU-119
Added Pin To Net: NetName=NetMCU_120 Pin=MCU-120
Added Pin To Net: NetName=GND Pin=MCU-121
Added Pin To Net: NetName=3.3V Pin=MCU-122
Added Pin To Net: NetName=NetMCU_123 Pin=MCU-123
Added Pin To Net: NetName=NetMCU_124 Pin=MCU-124
Added Pin To Net: NetName=NetMCU_125 Pin=MCU-125
Added Pin To Net: NetName=NetMCU_126 Pin=MCU-126
Added Pin To Net: NetName=NRF CSN Pin=MCU-127
Added Pin To Net: NetName=NetMCU_128 Pin=MCU-128
Added Pin To Net: NetName=NetACC_6 Pin=MCU-129
Added Pin To Net: NetName=NetACC_5 Pin=MCU-130
Added Pin To Net: NetName=NetACC_4 Pin=MCU-131
Added Pin To Net: NetName=NetMCU_132 Pin=MCU-132
Added Pin To Net: NetName=NetMCU_133 Pin=MCU-133
Added Pin To Net: NetName=GND Pin=MCU-134
Added Pin To Net: NetName=3.3V Pin=MCU-135
Added Pin To Net: NetName=NetMCU_136 Pin=MCU-136
Added Pin To Net: NetName=NetMCU_137 Pin=MCU-137
Added Pin To Net: NetName=NetMCU_138 Pin=MCU-138
Added Pin To Net: NetName=NetMCU_139 Pin=MCU-139
Added Pin To Net: NetName=NetMCU_140 Pin=MCU-140
Added Pin To Net: NetName=NetMCU_141 Pin=MCU-141
Added Pin To Net: NetName=NetMCU_142 Pin=MCU-142
Added Pin To Net: NetName=NetMCU_143 Pin=MCU-143
Added Pin To Net: NetName=NetMCU_144 Pin=MCU-144
Added Member To Class: ClassName=Sheet1 Member=Component P2 Header 18X2
