Added Member To Class: ClassName=Sheet1 Member=Component C? 0805
Added Member To Class: ClassName=Sheet1 Member=Component C? 0805
Added Member To Class: ClassName=Sheet1 Member=Component C? 0805
Added Member To Class: ClassName=Sheet1 Member=Component C? 0805
Added Member To Class: ClassName=Sheet1 Member=Component C? 0805
Added Member To Class: ClassName=Sheet1 Member=Component C? 0805
Added Member To Class: ClassName=Sheet1 Member=Component C? 0805
Added Member To Class: ClassName=Sheet1 Member=Component C? 0805
Added Member To Class: ClassName=Sheet1 Member=Component C? 0805
Added Member To Class: ClassName=Sheet1 Member=Component C? 0805
Added Member To Class: ClassName=Sheet1 Member=Component C? 0805
Added Member To Class: ClassName=Sheet1 Member=Component C? 0805
Added Member To Class: ClassName=Sheet1 Member=Component C? 0805
Added Member To Class: ClassName=Sheet1 Member=Component C? 0805
Added Member To Class: ClassName=Sheet1 Member=Component C? 0805
Added Member To Class: ClassName=Sheet1 Member=Component C? 0805
Added Member To Class: ClassName=Sheet1 Member=Component C? 0805
Added Member To Class: ClassName=Sheet1 Member=Component C? 0805
Added Member To Class: ClassName=Sheet1 Member=Component C? 0805
Added Member To Class: ClassName=Sheet1 Member=Component C? 0805
Added Member To Class: ClassName=Sheet1 Member=Component FB? 742792651
Added Member To Class: ClassName=Sheet1 Member=Component FB? 742792651
Added Member To Class: ClassName=Sheet1 Member=Component J? 1-770967-0
Added Member To Class: ClassName=Sheet1 Member=Component JP? 0603
Added Member To Class: ClassName=Sheet1 Member=Component P? Header 18X2
Added Member To Class: ClassName=Sheet1 Member=Component P? Header 18X2
Added Member To Class: ClassName=Sheet1 Member=Component P? Header 18X2
Added Member To Class: ClassName=Sheet1 Member=Component P? Header 18X2
Added Member To Class: ClassName=Sheet1 Member=Component R? 0603
Added Member To Class: ClassName=Sheet1 Member=Component R? 0603
Added Member To Class: ClassName=Sheet1 Member=Component R? 0603
Added Member To Class: ClassName=Sheet1 Member=Component R? 0603
Added Member To Class: ClassName=Sheet1 Member=Component R? 0603
Added Member To Class: ClassName=Sheet1 Member=Component Y? NX2520SA-16MHZ-STD-CSW-5
