Added Component: Designator=BUZZER(FP-ST-025BH-MFG)
Add component (AddParameter): Name = "Automotive"; Value = "No"; VariantName = "[No Variations]"
Add component (AddParameter): Name = "Category"; Value = "Speak"; VariantName = "[No Variations]"
Add component (AddParameter): Name = "ComponentLink2Description"; Value = "Datasheet"; VariantName = "[No Variations]"
Add component (AddParameter): Name = "ComponentLink2URL"; Value = "https://www.soberton.com/wp-content/uploads/2019/02/ST-025BH-19-Feb-2019.pdf"; VariantName = "[No Variations]"
Add component (AddParameter): Name = "Current"; Value = "100mA"; VariantName = "[No Variations]"
Add component (AddParameter): Name = "Device Class L1"; Value = "Electromechanical"; VariantName = "[No Variations]"
Add component (AddParameter): Name = "Device Class L2"; Value = "Audio Products"; VariantName = "[No Variations]"
Add component (AddParameter): Name = "Device Class L3"; Value = "Buzzers"; VariantName = "[No Variations]"
Add component (AddParameter): Name = "Digikey Description"; Value = "AUDIO MAGNETIC XDCR 2-4V SMD"; VariantName = "[No Variations]"
Add component (AddParameter): Name = "Frequency"; Value = "2700Hz"; VariantName = "[No Variations]"
Add component (AddParameter): Name = "Height"; Value = "3mm"; VariantName = "[No Variations]"
Add component (AddParameter): Name = "Lead Free"; Value = "Yes"; VariantName = "[No Variations]"
Add component (AddParameter): Name = "Manufacturer"; Value = "Soberton Inc."; VariantName = "[No Variations]"
Add component (AddParameter): Name = "Manufacturer Part Number"; Value = "ST-025BH"; VariantName = "[No Variations]"
Add component (AddParameter): Name = "Max Supply Voltage"; Value = "4.5V"; VariantName = "[No Variations]"
Add component (AddParameter): Name = "Min Supply Voltage"; Value = "2.5V"; VariantName = "[No Variations]"
Add component (AddParameter): Name = "Octopart"; Value = "https://octopart.com/st-025bh-soberton-22171825"; VariantName = "[No Variations]"
Add component (AddParameter): Name = "Operating Supply Voltage"; Value = "3.6V"; VariantName = "[No Variations]"
Add component (AddParameter): Name = "Package"; Value = "ST-025BH"; VariantName = "[No Variations]"
Add component (AddParameter): Name = "RoHS"; Value = "TRUE"; VariantName = "[No Variations]"
Add component (AddParameter): Name = "Temperature"; Value = "-30°C to +85°C"; VariantName = "[No Variations]"
Add component (AddParameter): Name = "Temperature Range High"; Value = "+85°C"; VariantName = "[No Variations]"
Add component (AddParameter): Name = "Temperature Range Low"; Value = "-30°C"; VariantName = "[No Variations]"
Added Pin To Net: NetName=GND Pin=BUZZER-3
Added Pin To Net: NetName=BUZZ Pin=BUZZER-2
Added Pin To Net: NetName=BUZZ Pin=MCU-144
Added Pin To Net: NetName=BUZZ Pin=P4-36
Added Net: Name=BUZZ
Added Member To Class: ClassName=Sheet1 Member=Component BUZZER ST-025BH
Added Member To Class: ClassName=Sheet1 Member=Component P2 Header 18X2
Added Member To Class: ClassName=Sheet1 Member=Component R11 0603
