Change Component Designator: OldDesignator=J1 NewDesignator=GPS SMA
Change Component Designator: OldDesignator=JP1 NewDesignator=BAT JP
Change Component Designator: OldDesignator=JP2 NewDesignator=USB JP
Change Component Designator: OldDesignator=P1 NewDesignator=BAT
Change Component Designator: OldDesignator=P5 NewDesignator=Boot J
Added Component: Designator=GPS UFL(FP-U_FL-R-SMT-1_10-MFG)
Add component (AddParameter): Name = "Body Material"; Value = "Bronze"; VariantName = "[No Variations]"
Add component (AddParameter): Name = "Body Plating"; Value = "Silver"; VariantName = "[No Variations]"
Add component (AddParameter): Name = "Connector Type"; Value = "Coaxial"; VariantName = "[No Variations]"
Add component (AddParameter): Name = "Contact Material"; Value = "Brass"; VariantName = "[No Variations]"
Add component (AddParameter): Name = "Contact Plating"; Value = "Gold"; VariantName = "[No Variations]"
Add component (AddParameter): Name = "Depth"; Value = "3.1mm"; VariantName = "[No Variations]"
Add component (AddParameter): Name = "Dielectric Material"; Value = "Polymer"; VariantName = "[No Variations]"
Add component (AddParameter): Name = "Fastening Type"; Value = "Snap"; VariantName = "[No Variations]"
Add component (AddParameter): Name = "Frequency"; Value = "6GHz"; VariantName = "[No Variations]"
Add component (AddParameter): Name = "Gender"; Value = "Male"; VariantName = "[No Variations]"
Add component (AddParameter): Name = "Housing Color"; Value = "Beige"; VariantName = "[No Variations]"
Add component (AddParameter): Name = "Impedance"; Value = "50R"; VariantName = "[No Variations]"
Add component (AddParameter): Name = "Insulation Resistance"; Value = "500MR"; VariantName = "[No Variations]"
Add component (AddParameter): Name = "Lead Free"; Value = "Lead Free"; VariantName = "[No Variations]"
Add component (AddParameter): Name = "Length"; Value = "3mm"; VariantName = "[No Variations]"
Add component (AddParameter): Name = "Max Frequency"; Value = "6GHz"; VariantName = "[No Variations]"
Add component (AddParameter): Name = "Max Operating Temperature"; Value = "90°C"; VariantName = "[No Variations]"
Add component (AddParameter): Name = "Min Operating Temperature"; Value = "-40°C"; VariantName = "[No Variations]"
Add component (AddParameter): Name = "Mount"; Value = "Surface Mount"; VariantName = "[No Variations]"
Add component (AddParameter): Name = "Orientation"; Value = "Straight"; VariantName = "[No Variations]"
Add component (AddParameter): Name = "Package Quantity"; Value = "2500"; VariantName = "[No Variations]"
Add component (AddParameter): Name = "Packaging"; Value = "Cut Tape"; VariantName = "[No Variations]"
Add component (AddParameter): Name = "Radiation Hardening"; Value = "No"; VariantName = "[No Variations]"
Add component (AddParameter): Name = "REACH SVHC"; Value = "No SVHC"; VariantName = "[No Variations]"
Add component (AddParameter): Name = "Series"; Value = "U.FL"; VariantName = "[No Variations]"
Add component (AddParameter): Name = "Termination"; Value = "Solder"; VariantName = "[No Variations]"
Add component (AddParameter): Name = "Weight"; Value = "0.001764oz"; VariantName = "[No Variations]"
Add component (AddParameter): Name = "Wire/Cable Type"; Value = "Coaxial"; VariantName = "[No Variations]"
Added Pin To Net: NetName=NetD2_1 Pin=GPS UFL-1
Added Pin To Net: NetName=IMU GND Pin=GPS UFL-2
Added Pin To Net: NetName=IMU GND Pin=GPS UFL-3
Change Net Name : Old Net Name=NetBOOT_3 New Net Name=NetBoot J_6
Change Net Name : Old Net Name=NetBOOT_4 New Net Name=NetBoot J_1
Change Net Name : Old Net Name=NetBOOT_7 New Net Name=NetBoot J_2
Change Net Name : Old Net Name=NetBOOT_8 New Net Name=NetBoot J_4
Change Net Name : Old Net Name=NetBOOT_10 New Net Name=NetBoot J_3
Change Net Name : Old Net Name=NetF1_1 New Net Name=NetBAT JP_1
Change Net Name : Old Net Name=NetJP1_2 New Net Name=NetBAT JP_2
Added Member To Class: ClassName=Sheet1 Member=Component C? 0805
Added Member To Class: ClassName=Sheet1 Member=Component GPS UFL U.FL-R-SMT-1(10)
Added Member To Class: ClassName=Sheet1 Member=Component P1 Header 18X2
Added Member To Class: ClassName=Sheet1 Member=Component P2 Header 18X2
Added Member To Class: ClassName=Sheet1 Member=Component U? MCP2517FD-H/SL
Added Member To Class: ClassName=Sheet1 Member=Component U? MCP2542FDT-E/MNY
