Added Component: Designator=?(FP-SOT89-MFG)
Add component (AddParameter): Name = "Accuracy Percentage"; Value = "1%"; VariantName = "[No Variations]"
Add component (AddParameter): Name = "Automotive"; Value = "No"; VariantName = "[No Variations]"
Add component (AddParameter): Name = "Category"; Value = "IC"; VariantName = "[No Variations]"
Add component (AddParameter): Name = "ComponentLink2Description"; Value = "Datasheet"; VariantName = "[No Variations]"
Add component (AddParameter): Name = "ComponentLink2URL"; Value = "https://www.diodes.com/assets/Datasheets/AZ1117C.pdf"; VariantName = "[No Variations]"
Add component (AddParameter): Name = "Device Class L1"; Value = "Integrated Circuits (ICs)"; VariantName = "[No Variations]"
Add component (AddParameter): Name = "Device Class L2"; Value = "Power Management ICs"; VariantName = "[No Variations]"
Add component (AddParameter): Name = "Device Class L3"; Value = "Voltage Regulators - Linear"; VariantName = "[No Variations]"
Add component (AddParameter): Name = "Digikey Description"; Value = "IC REG LINEAR 3.3V 800MA SOT89"; VariantName = "[No Variations]"
Add component (AddParameter): Name = "Dropout Voltage"; Value = "1.2V"; VariantName = "[No Variations]"
Add component (AddParameter): Name = "Footprint Url"; Value = "https://www.diodes.com/assets/Package-Files/SOT89.pdf"; VariantName = "[No Variations]"
Add component (AddParameter): Name = "Height"; Value = "1.6mm"; VariantName = "[No Variations]"
Add component (AddParameter): Name = "Lead Free"; Value = "Yes"; VariantName = "[No Variations]"
Add component (AddParameter): Name = "Manufacturer"; Value = "Diodes Inc."; VariantName = "[No Variations]"
Add component (AddParameter): Name = "Manufacturer Part Number"; Value = "AZ1117CR-3.3TRG1"; VariantName = "[No Variations]"
Add component (AddParameter): Name = "Max Junction Temp"; Value = "+125°C"; VariantName = "[No Variations]"
Add component (AddParameter): Name = "Max Supply Voltage"; Value = "15V"; VariantName = "[No Variations]"
Add component (AddParameter): Name = "Mouser Description"; Value = "DiodesZetex AZ1117CR-3.3TRG1, LDO Regulator, 800mA, 3.3 V, ±1% 3-Pin, SOT-89"; VariantName = "[No Variations]"
Add component (AddParameter): Name = "Nominal Supply Current"; Value = "4mA"; VariantName = "[No Variations]"
Add component (AddParameter): Name = "Number Of Outputs"; Value = "1"; VariantName = "[No Variations]"
Add component (AddParameter): Name = "Octopart"; Value = "https://octopart.com/az1117cr-3.3trg1-diodes+inc.-30954805"; VariantName = "[No Variations]"
Add component (AddParameter): Name = "Output Current"; Value = "1.35A"; VariantName = "[No Variations]"
Add component (AddParameter): Name = "Output Type"; Value = "Fixed"; VariantName = "[No Variations]"
Add component (AddParameter): Name = "Output Voltage"; Value = "3.3V"; VariantName = "[No Variations]"
Add component (AddParameter): Name = "Package"; Value = "SOT89"; VariantName = "[No Variations]"
Add component (AddParameter): Name = "RoHS"; Value = "TRUE"; VariantName = "[No Variations]"
Add component (AddParameter): Name = "Temperature"; Value = "-20°C to +125°C"; VariantName = "[No Variations]"
Add component (AddParameter): Name = "Temperature Range High"; Value = "+125°C"; VariantName = "[No Variations]"
Add component (AddParameter): Name = "Temperature Range Low"; Value = "-20°C"; VariantName = "[No Variations]"
Added Component: Designator=C?(C0805)
Add component (AddParameter): Name = "LatestRevisionDate"; Value = "29-May-2009"; VariantName = "[No Variations]"
Add component (AddParameter): Name = "LatestRevisionNote"; Value = "IPC-7351 Footprint Added."; VariantName = "[No Variations]"
Add component (AddParameter): Name = "PackageDescription"; Value = "Chip Capacitor"; VariantName = "[No Variations]"
Add component (AddParameter): Name = "PackageReference"; Value = "C0805"; VariantName = "[No Variations]"
Add component (AddParameter): Name = "Published"; Value = "8-Jun-2000"; VariantName = "[No Variations]"
Add component (AddParameter): Name = "Publisher"; Value = "Altium Limited"; VariantName = "[No Variations]"
Added Component: Designator=C?(C0805)
Add component (AddParameter): Name = "LatestRevisionDate"; Value = "29-May-2009"; VariantName = "[No Variations]"
Add component (AddParameter): Name = "LatestRevisionNote"; Value = "IPC-7351 Footprint Added."; VariantName = "[No Variations]"
Add component (AddParameter): Name = "PackageDescription"; Value = "Chip Capacitor"; VariantName = "[No Variations]"
Add component (AddParameter): Name = "PackageReference"; Value = "C0805"; VariantName = "[No Variations]"
Add component (AddParameter): Name = "Published"; Value = "8-Jun-2000"; VariantName = "[No Variations]"
Add component (AddParameter): Name = "Publisher"; Value = "Altium Limited"; VariantName = "[No Variations]"
Added Component: Designator=C?(C0805)
Add component (AddParameter): Name = "LatestRevisionDate"; Value = "29-May-2009"; VariantName = "[No Variations]"
Add component (AddParameter): Name = "LatestRevisionNote"; Value = "IPC-7351 Footprint Added."; VariantName = "[No Variations]"
Add component (AddParameter): Name = "PackageDescription"; Value = "Chip Capacitor"; VariantName = "[No Variations]"
Add component (AddParameter): Name = "PackageReference"; Value = "C0805"; VariantName = "[No Variations]"
Add component (AddParameter): Name = "Published"; Value = "8-Jun-2000"; VariantName = "[No Variations]"
Add component (AddParameter): Name = "Publisher"; Value = "Altium Limited"; VariantName = "[No Variations]"
Added Component: Designator=C?(C0805)
Add component (AddParameter): Name = "LatestRevisionDate"; Value = "29-May-2009"; VariantName = "[No Variations]"
Add component (AddParameter): Name = "LatestRevisionNote"; Value = "IPC-7351 Footprint Added."; VariantName = "[No Variations]"
Add component (AddParameter): Name = "PackageDescription"; Value = "Chip Capacitor"; VariantName = "[No Variations]"
Add component (AddParameter): Name = "PackageReference"; Value = "C0805"; VariantName = "[No Variations]"
Add component (AddParameter): Name = "Published"; Value = "8-Jun-2000"; VariantName = "[No Variations]"
Add component (AddParameter): Name = "Publisher"; Value = "Altium Limited"; VariantName = "[No Variations]"
Added Component: Designator=C?(C0805)
Add component (AddParameter): Name = "LatestRevisionDate"; Value = "29-May-2009"; VariantName = "[No Variations]"
Add component (AddParameter): Name = "LatestRevisionNote"; Value = "IPC-7351 Footprint Added."; VariantName = "[No Variations]"
Add component (AddParameter): Name = "PackageDescription"; Value = "Chip Capacitor"; VariantName = "[No Variations]"
Add component (AddParameter): Name = "PackageReference"; Value = "C0805"; VariantName = "[No Variations]"
Add component (AddParameter): Name = "Published"; Value = "8-Jun-2000"; VariantName = "[No Variations]"
Add component (AddParameter): Name = "Publisher"; Value = "Altium Limited"; VariantName = "[No Variations]"
Added Component: Designator=C?(C0805)
Add component (AddParameter): Name = "LatestRevisionDate"; Value = "29-May-2009"; VariantName = "[No Variations]"
Add component (AddParameter): Name = "LatestRevisionNote"; Value = "IPC-7351 Footprint Added."; VariantName = "[No Variations]"
Add component (AddParameter): Name = "PackageDescription"; Value = "Chip Capacitor"; VariantName = "[No Variations]"
Add component (AddParameter): Name = "PackageReference"; Value = "C0805"; VariantName = "[No Variations]"
Add component (AddParameter): Name = "Published"; Value = "8-Jun-2000"; VariantName = "[No Variations]"
Add component (AddParameter): Name = "Publisher"; Value = "Altium Limited"; VariantName = "[No Variations]"
Added Component: Designator=C?(C0805)
Add component (AddParameter): Name = "LatestRevisionDate"; Value = "29-May-2009"; VariantName = "[No Variations]"
Add component (AddParameter): Name = "LatestRevisionNote"; Value = "IPC-7351 Footprint Added."; VariantName = "[No Variations]"
Add component (AddParameter): Name = "PackageDescription"; Value = "Chip Capacitor"; VariantName = "[No Variations]"
Add component (AddParameter): Name = "PackageReference"; Value = "C0805"; VariantName = "[No Variations]"
Add component (AddParameter): Name = "Published"; Value = "8-Jun-2000"; VariantName = "[No Variations]"
Add component (AddParameter): Name = "Publisher"; Value = "Altium Limited"; VariantName = "[No Variations]"
Added Component: Designator=C?(C0805)
Add component (AddParameter): Name = "LatestRevisionDate"; Value = "29-May-2009"; VariantName = "[No Variations]"
Add component (AddParameter): Name = "LatestRevisionNote"; Value = "IPC-7351 Footprint Added."; VariantName = "[No Variations]"
Add component (AddParameter): Name = "PackageDescription"; Value = "Chip Capacitor"; VariantName = "[No Variations]"
Add component (AddParameter): Name = "PackageReference"; Value = "C0805"; VariantName = "[No Variations]"
Add component (AddParameter): Name = "Published"; Value = "8-Jun-2000"; VariantName = "[No Variations]"
Add component (AddParameter): Name = "Publisher"; Value = "Altium Limited"; VariantName = "[No Variations]"
Added Component: Designator=C?(C0805)
Add component (AddParameter): Name = "LatestRevisionDate"; Value = "29-May-2009"; VariantName = "[No Variations]"
Add component (AddParameter): Name = "LatestRevisionNote"; Value = "IPC-7351 Footprint Added."; VariantName = "[No Variations]"
Add component (AddParameter): Name = "PackageDescription"; Value = "Chip Capacitor"; VariantName = "[No Variations]"
Add component (AddParameter): Name = "PackageReference"; Value = "C0805"; VariantName = "[No Variations]"
Add component (AddParameter): Name = "Published"; Value = "8-Jun-2000"; VariantName = "[No Variations]"
Add component (AddParameter): Name = "Publisher"; Value = "Altium Limited"; VariantName = "[No Variations]"
Added Component: Designator=C?(C0805)
Add component (AddParameter): Name = "LatestRevisionDate"; Value = "29-May-2009"; VariantName = "[No Variations]"
Add component (AddParameter): Name = "LatestRevisionNote"; Value = "IPC-7351 Footprint Added."; VariantName = "[No Variations]"
Add component (AddParameter): Name = "PackageDescription"; Value = "Chip Capacitor"; VariantName = "[No Variations]"
Add component (AddParameter): Name = "PackageReference"; Value = "C0805"; VariantName = "[No Variations]"
Add component (AddParameter): Name = "Published"; Value = "8-Jun-2000"; VariantName = "[No Variations]"
Add component (AddParameter): Name = "Publisher"; Value = "Altium Limited"; VariantName = "[No Variations]"
Added Component: Designator=C?(C0805)
Add component (AddParameter): Name = "LatestRevisionDate"; Value = "29-May-2009"; VariantName = "[No Variations]"
Add component (AddParameter): Name = "LatestRevisionNote"; Value = "IPC-7351 Footprint Added."; VariantName = "[No Variations]"
Add component (AddParameter): Name = "PackageDescription"; Value = "Chip Capacitor"; VariantName = "[No Variations]"
Add component (AddParameter): Name = "PackageReference"; Value = "C0805"; VariantName = "[No Variations]"
Add component (AddParameter): Name = "Published"; Value = "8-Jun-2000"; VariantName = "[No Variations]"
Add component (AddParameter): Name = "Publisher"; Value = "Altium Limited"; VariantName = "[No Variations]"
Added Component: Designator=D?(FP-SMB-MFG)
Add component (AddParameter): Name = "Automotive"; Value = "No"; VariantName = "[No Variations]"
Add component (AddParameter): Name = "Capacitance"; Value = "40pF"; VariantName = "[No Variations]"
Add component (AddParameter): Name = "Category"; Value = "Diode"; VariantName = "[No Variations]"
Add component (AddParameter): Name = "ComponentLink2Description"; Value = "Datasheet"; VariantName = "[No Variations]"
Add component (AddParameter): Name = "ComponentLink2URL"; Value = "https://www.diodes.com/assets/Datasheets/ds16005.pdf"; VariantName = "[No Variations]"
Add component (AddParameter): Name = "Device Class L1"; Value = "Discrete Semiconductors"; VariantName = "[No Variations]"
Add component (AddParameter): Name = "Device Class L2"; Value = "Diodes"; VariantName = "[No Variations]"
Add component (AddParameter): Name = "Device Class L3"; Value = "Rectifier Diodes"; VariantName = "[No Variations]"
Add component (AddParameter): Name = "Digikey Description"; Value = "DIODE GEN PURP 1KV 3A SMB"; VariantName = "[No Variations]"
Add component (AddParameter): Name = "Footprint Url"; Value = "https://www.diodes.com/assets/Package-Files/SMB.pdf"; VariantName = "[No Variations]"
Add component (AddParameter): Name = "Forward Current"; Value = "3A"; VariantName = "[No Variations]"
Add component (AddParameter): Name = "Height"; Value = "2.5mm"; VariantName = "[No Variations]"
Add component (AddParameter): Name = "Lead Free"; Value = "Yes"; VariantName = "[No Variations]"
Add component (AddParameter): Name = "Manufacturer"; Value = "Diodes Inc."; VariantName = "[No Variations]"
Add component (AddParameter): Name = "Manufacturer Part Number"; Value = "S3MB-13-F"; VariantName = "[No Variations]"
Add component (AddParameter): Name = "Max Junction Temp"; Value = "+150°C"; VariantName = "[No Variations]"
Add component (AddParameter): Name = "Max Repetitive Reverse Voltage"; Value = "1000V"; VariantName = "[No Variations]"
Add component (AddParameter): Name = "Max Surge Forward Current"; Value = "100A"; VariantName = "[No Variations]"
Add component (AddParameter): Name = "Mouser Description"; Value = "Rectifiers 1000V 3A"; VariantName = "[No Variations]"
Add component (AddParameter): Name = "Octopart"; Value = "https://octopart.com/s3mb-13-f-diodes+inc.-333387"; VariantName = "[No Variations]"
Add component (AddParameter): Name = "Package"; Value = "SMB"; VariantName = "[No Variations]"
Add component (AddParameter): Name = "Peak Reverse Current"; Value = "10uA"; VariantName = "[No Variations]"
Add component (AddParameter): Name = "Reverse Voltage"; Value = "1000V"; VariantName = "[No Variations]"
Add component (AddParameter): Name = "RoHS"; Value = "TRUE"; VariantName = "[No Variations]"
Add component (AddParameter): Name = "Standoff Height"; Value = "0.05mm"; VariantName = "[No Variations]"
Add component (AddParameter): Name = "Temperature"; Value = "-65°C to +150°C"; VariantName = "[No Variations]"
Add component (AddParameter): Name = "Temperature Range High"; Value = "+150°C"; VariantName = "[No Variations]"
Add component (AddParameter): Name = "Temperature Range Low"; Value = "-65°C"; VariantName = "[No Variations]"
Add component (AddParameter): Name = "Value"; Value = "40pF"; VariantName = "[No Variations]"
Added Component: Designator=DS?(WE-150060VS75000_V)
Add component (AddParameter): Name = "ComponentLink1Description"; Value = "Manufacturer URL"; VariantName = "[No Variations]"
Add component (AddParameter): Name = "ComponentLink1URL"; Value = "https://www.we-online.com/"; VariantName = "[No Variations]"
Add component (AddParameter): Name = "ComponentLink2Description"; Value = "Datasheet"; VariantName = "[No Variations]"
Add component (AddParameter): Name = "ComponentLink2URL"; Value = "http://katalog.we-online.de/led/datasheet/150060VS75000.pdf"; VariantName = "[No Variations]"
Add component (AddParameter): Name = "DatasheetVersion"; Value = "Rev. 2.7"; VariantName = "[No Variations]"
Add component (AddParameter): Name = "Mounting Technology"; Value = "Surface Mount"; VariantName = "[No Variations]"
Add component (AddParameter): Name = "PackageDescription"; Value = "2-Pin Surface Mount Device, Body 1.6 x 0.8 mm"; VariantName = "[No Variations]"
Add component (AddParameter): Name = "PartNumber"; Value = "150060VS75000"; VariantName = "[No Variations]"
Add component (AddParameter): Name = "RoHSCompliant"; Value = "True"; VariantName = "[No Variations]"
Added Component: Designator=F?(FP-0451-MFG)
Add component (AddParameter): Name = "Automotive"; Value = "No"; VariantName = "[No Variations]"
Add component (AddParameter): Name = "Category"; Value = "Fuse"; VariantName = "[No Variations]"
Add component (AddParameter): Name = "ComponentLink2Description"; Value = "Datasheet"; VariantName = "[No Variations]"
Add component (AddParameter): Name = "ComponentLink2URL"; Value = "https://www.littelfuse.com/~/media/electronics/datasheets/fuses/littelfuse_fuse_451_453_datasheet.pdf.pdf"; VariantName = "[No Variations]"
Add component (AddParameter): Name = "Device Class L1"; Value = "Circuit Protection"; VariantName = "[No Variations]"
Add component (AddParameter): Name = "Device Class L2"; Value = "Fuses"; VariantName = "[No Variations]"
Add component (AddParameter): Name = "Device Class L3"; Value = "unset"; VariantName = "[No Variations]"
Add component (AddParameter): Name = "Digikey Description"; Value = "FUSE BRD MNT 1A 125VAC/VDC 2SMD"; VariantName = "[No Variations]"
Add component (AddParameter): Name = "Fuse Blow Speed"; Value = "Fast"; VariantName = "[No Variations]"
Add component (AddParameter): Name = "Fuse Current"; Value = "1A"; VariantName = "[No Variations]"
Add component (AddParameter): Name = "Fuse I2T"; Value = "0.6029A2Sec"; VariantName = "[No Variations]"
Add component (AddParameter): Name = "Fuse Interrupt Ac Current"; Value = "50A"; VariantName = "[No Variations]"
Add component (AddParameter): Name = "Fuse Interrupt Dc Current"; Value = "300A"; VariantName = "[No Variations]"
Add component (AddParameter): Name = "Height"; Value = "2.94mm"; VariantName = "[No Variations]"
Add component (AddParameter): Name = "Lead Free"; Value = "Yes"; VariantName = "[No Variations]"
Add component (AddParameter): Name = "Manufacturer"; Value = "Littelfuse Inc"; VariantName = "[No Variations]"
Add component (AddParameter): Name = "Manufacturer Part Number"; Value = "0451001.MRL"; VariantName = "[No Variations]"
Add component (AddParameter): Name = "Max Fuse Ac Voltage"; Value = "125V"; VariantName = "[No Variations]"
Add component (AddParameter): Name = "Max Fuse Dc Voltage"; Value = "125V"; VariantName = "[No Variations]"
Add component (AddParameter): Name = "Mouser Description"; Value = "Surface Mount Fuses 125V 1A"; VariantName = "[No Variations]"
Add component (AddParameter): Name = "Octopart"; Value = "https://octopart.com/0451001.mrl-littelfuse-566368"; VariantName = "[No Variations]"
Add component (AddParameter): Name = "Package"; Value = "0451"; VariantName = "[No Variations]"
Add component (AddParameter): Name = "Resistance"; Value = "0.078O"; VariantName = "[No Variations]"
Add component (AddParameter): Name = "RoHS"; Value = "TRUE"; VariantName = "[No Variations]"
Add component (AddParameter): Name = "Temperature"; Value = "-55°C to +125°C"; VariantName = "[No Variations]"
Add component (AddParameter): Name = "Temperature Range High"; Value = "+125°C"; VariantName = "[No Variations]"
Add component (AddParameter): Name = "Temperature Range Low"; Value = "-55°C"; VariantName = "[No Variations]"
Add component (AddParameter): Name = "Value"; Value = "0.078O"; VariantName = "[No Variations]"
Add component (AddParameter): Name = "Voltage Rating"; Value = "125V"; VariantName = "[No Variations]"
Added Component: Designator=FB?(SMD-0805)
Add component (AddParameter): Name = "ComponentLink1Description"; Value = "Manufacturer Link"; VariantName = "[No Variations]"
Add component (AddParameter): Name = "ComponentLink1URL"; Value = "http://www.we-online.com"; VariantName = "[No Variations]"
Add component (AddParameter): Name = "ComponentLink2Description"; Value = "Datasheet"; VariantName = "[No Variations]"
Add component (AddParameter): Name = "ComponentLink2URL"; Value = "http://www.we-online.de/katalog/media/pdf/742792023.pdf"; VariantName = "[No Variations]"
Add component (AddParameter): Name = "DatasheetVersion"; Value = "Dec-2005"; VariantName = "[No Variations]"
Add component (AddParameter): Name = "Impedance"; Value = "120 Ohm"; VariantName = "[No Variations]"
Add component (AddParameter): Name = "PackageDescription"; Value = "Chip Inductor, 2-Leads, Body 2.0 x 1.2 mm"; VariantName = "[No Variations]"
Add component (AddParameter): Name = "PackageReference"; Value = "SMD-0805"; VariantName = "[No Variations]"
Add component (AddParameter): Name = "PackageVersion"; Value = "2005"; VariantName = "[No Variations]"
Added Component: Designator=J?(MOLX-47589-0001_V)
Add component (AddParameter): Name = "Brand"; Value = "Molex"; VariantName = "[No Variations]"
Add component (AddParameter): Name = "Color"; Value = "Black"; VariantName = "[No Variations]"
Add component (AddParameter): Name = "Connector Type"; Value = "MicroUSBTypeABreceptacle"; VariantName = "[No Variations]"
Add component (AddParameter): Name = "Contact Material"; Value = "CopperAlloy"; VariantName = "[No Variations]"
Add component (AddParameter): Name = "Contact Plating"; Value = "Gold"; VariantName = "[No Variations]"
Add component (AddParameter): Name = "Current Rating"; Value = "1.8A"; VariantName = "[No Variations]"
Add component (AddParameter): Name = "Datasheet URL"; Value = "http://www.molex.com/webdocs/datasheets/pdf/en-us/0475890001_IO_CONNECTORS.pdf"; VariantName = "[No Variations]"
Add component (AddParameter): Name = "Datasheet Version"; Value = "12/2016"; VariantName = "[No Variations]"
Add component (AddParameter): Name = "Gender"; Value = "Female"; VariantName = "[No Variations]"
Add component (AddParameter): Name = "Manufacturer"; Value = "Molex"; VariantName = "[No Variations]"
Add component (AddParameter): Name = "Manufacturer URL"; Value = "http://www.molex.com/"; VariantName = "[No Variations]"
Add component (AddParameter): Name = "Mounting Angle"; Value = "Right"; VariantName = "[No Variations]"
Add component (AddParameter): Name = "Mounting Technology"; Value = "SurfaceMount"; VariantName = "[No Variations]"
Add component (AddParameter): Name = "Number of Contacts"; Value = "5Contact"; VariantName = "[No Variations]"
Add component (AddParameter): Name = "Number of Ports"; Value = "1Port"; VariantName = "[No Variations]"
Add component (AddParameter): Name = "Operating Temperature Range"; Value = "-20Cto+85C"; VariantName = "[No Variations]"
Add component (AddParameter): Name = "Package Description"; Value = "Micro USB Connector, Pitch 0.65 mm, 5 Positions, Body 7.5 x 5.6 mm"; VariantName = "[No Variations]"
Add component (AddParameter): Name = "Package Reference"; Value = "47589-0001"; VariantName = "[No Variations]"
Add component (AddParameter): Name = "Package URL"; Value = "http://www.molex.com/pdm_docs/sd/475890001_sd.pdf"; VariantName = "[No Variations]"
Add component (AddParameter): Name = "Packaging"; Value = "Reel"; VariantName = "[No Variations]"
Add component (AddParameter): Name = "Product"; Value = "MicroUSBTypeABConnectors"; VariantName = "[No Variations]"
Add component (AddParameter): Name = "Product Category"; Value = "USBConnectors"; VariantName = "[No Variations]"
Add component (AddParameter): Name = "RoHS"; Value = "True"; VariantName = "[No Variations]"
Add component (AddParameter): Name = "Series"; Value = "47589"; VariantName = "[No Variations]"
Add component (AddParameter): Name = "Standard"; Value = "USB"; VariantName = "[No Variations]"
Add component (AddParameter): Name = "Termination Style"; Value = "SMD/SMT"; VariantName = "[No Variations]"
Add component (AddParameter): Name = "Voltage Rating"; Value = "30VAC"; VariantName = "[No Variations]"
Added Component: Designator=J?(FP-1-770967-0-MFG)
Add component (AddParameter): Name = "Automotive"; Value = "No"; VariantName = "[No Variations]"
Add component (AddParameter): Name = "Category"; Value = "Conn"; VariantName = "[No Variations]"
Add component (AddParameter): Name = "ComponentLink2Description"; Value = "Datasheet"; VariantName = "[No Variations]"
Add component (AddParameter): Name = "ComponentLink2URL"; Value = "https://upverter.com/datasheet/34824d1f871e59ab0a7406e2e5f7aede27ac719b.pdf"; VariantName = "[No Variations]"
Add component (AddParameter): Name = "Conn Gender"; Value = "Male"; VariantName = "[No Variations]"
Add component (AddParameter): Name = "Conn Orientation"; Value = "Right Angle"; VariantName = "[No Variations]"
Add component (AddParameter): Name = "Contact Material"; Value = "Gold,Nickel"; VariantName = "[No Variations]"
Add component (AddParameter): Name = "Current Rating"; Value = "9.5A"; VariantName = "[No Variations]"
Add component (AddParameter): Name = "Device Class L1"; Value = "Connectors"; VariantName = "[No Variations]"
Add component (AddParameter): Name = "Device Class L2"; Value = "Headers and Wire Housings"; VariantName = "[No Variations]"
Add component (AddParameter): Name = "Device Class L3"; Value = "unset"; VariantName = "[No Variations]"
Add component (AddParameter): Name = "Digikey Description"; Value = "CONN HEADER R/A 3POS 4.14MM"; VariantName = "[No Variations]"
Add component (AddParameter): Name = "Footprint Url"; Value = "https://www.te.com/commerce/DocumentDelivery/DDEController?Action=showdoc&DocId=Customer+Drawing%7F770967%7FG1%7Fpdf%7FEnglish%7FENG_CD_770967_G1.pdf%7F1-770967-0"; VariantName = "[No Variations]"
Add component (AddParameter): Name = "Height"; Value = "7.9mm"; VariantName = "[No Variations]"
Add component (AddParameter): Name = "Lead Free"; Value = "Yes"; VariantName = "[No Variations]"
Add component (AddParameter): Name = "Manufacturer"; Value = "TE Connectivity"; VariantName = "[No Variations]"
Add component (AddParameter): Name = "Manufacturer Part Number"; Value = "1-770967-0"; VariantName = "[No Variations]"
Add component (AddParameter): Name = "Mouser Description"; Value = "Pin & Socket Connectors HEADER 3 POS R/A TIN IN-LINE"; VariantName = "[No Variations]"
Add component (AddParameter): Name = "Number Of Contacts"; Value = "3"; VariantName = "[No Variations]"
Add component (AddParameter): Name = "Number Of Rows"; Value = "1"; VariantName = "[No Variations]"
Add component (AddParameter): Name = "Octopart"; Value = "https://octopart.com/1-770967-0-te+connectivity-39515923"; VariantName = "[No Variations]"
Add component (AddParameter): Name = "Package"; Value = "1-770967-0"; VariantName = "[No Variations]"
Add component (AddParameter): Name = "Pitch"; Value = "4.14mm"; VariantName = "[No Variations]"
Add component (AddParameter): Name = "RoHS"; Value = "TRUE"; VariantName = "[No Variations]"
Add component (AddParameter): Name = "Standoff Height"; Value = "0.63mm"; VariantName = "[No Variations]"
Add component (AddParameter): Name = "Temperature"; Value = "-55°C to +105°C"; VariantName = "[No Variations]"
Add component (AddParameter): Name = "Temperature Range High"; Value = "+105°C"; VariantName = "[No Variations]"
Add component (AddParameter): Name = "Temperature Range Low"; Value = "-55°C"; VariantName = "[No Variations]"
Add component (AddParameter): Name = "Voltage Rating"; Value = "600V"; VariantName = "[No Variations]"
Added Component: Designator=JP?(J1-0603)
Add component (AddParameter): Name = "LatestRevisionDate"; Value = "29-May-2009"; VariantName = "[No Variations]"
Add component (AddParameter): Name = "LatestRevisionNote"; Value = "IPC-7351 Footprint Added."; VariantName = "[No Variations]"
Add component (AddParameter): Name = "PackageDescription"; Value = "Chip Resistor"; VariantName = "[No Variations]"
Add component (AddParameter): Name = "PackageReference"; Value = "J1-0603"; VariantName = "[No Variations]"
Add component (AddParameter): Name = "Published"; Value = "8-Jun-2000"; VariantName = "[No Variations]"
Add component (AddParameter): Name = "Publisher"; Value = "Altium Limited"; VariantName = "[No Variations]"
Add component (AddParameter): Name = "Value"; Value = "0"; VariantName = "[No Variations]"
Added Component: Designator=JP?(J1-0603)
Add component (AddParameter): Name = "LatestRevisionDate"; Value = "29-May-2009"; VariantName = "[No Variations]"
Add component (AddParameter): Name = "LatestRevisionNote"; Value = "IPC-7351 Footprint Added."; VariantName = "[No Variations]"
Add component (AddParameter): Name = "PackageDescription"; Value = "Chip Resistor"; VariantName = "[No Variations]"
Add component (AddParameter): Name = "PackageReference"; Value = "J1-0603"; VariantName = "[No Variations]"
Add component (AddParameter): Name = "Published"; Value = "8-Jun-2000"; VariantName = "[No Variations]"
Add component (AddParameter): Name = "Publisher"; Value = "Altium Limited"; VariantName = "[No Variations]"
Add component (AddParameter): Name = "Value"; Value = "0"; VariantName = "[No Variations]"
Added Component: Designator=MCU?(LQFP144 0.5mm Pitch)
Added Component: Designator=P?(HDR2X18)
Add component (AddParameter): Name = "LatestRevisionDate"; Value = "17-Jul-2002"; VariantName = "[No Variations]"
Add component (AddParameter): Name = "LatestRevisionNote"; Value = "Re-released for DXP Platform."; VariantName = "[No Variations]"
Add component (AddParameter): Name = "Publisher"; Value = "Altium Limited"; VariantName = "[No Variations]"
Added Component: Designator=P?(HDR2X18)
Add component (AddParameter): Name = "LatestRevisionDate"; Value = "17-Jul-2002"; VariantName = "[No Variations]"
Add component (AddParameter): Name = "LatestRevisionNote"; Value = "Re-released for DXP Platform."; VariantName = "[No Variations]"
Add component (AddParameter): Name = "Publisher"; Value = "Altium Limited"; VariantName = "[No Variations]"
Added Component: Designator=P?(HDR2X18)
Add component (AddParameter): Name = "LatestRevisionDate"; Value = "17-Jul-2002"; VariantName = "[No Variations]"
Add component (AddParameter): Name = "LatestRevisionNote"; Value = "Re-released for DXP Platform."; VariantName = "[No Variations]"
Add component (AddParameter): Name = "Publisher"; Value = "Altium Limited"; VariantName = "[No Variations]"
Added Component: Designator=P?(HDR2X18)
Add component (AddParameter): Name = "LatestRevisionDate"; Value = "17-Jul-2002"; VariantName = "[No Variations]"
Add component (AddParameter): Name = "LatestRevisionNote"; Value = "Re-released for DXP Platform."; VariantName = "[No Variations]"
Add component (AddParameter): Name = "Publisher"; Value = "Altium Limited"; VariantName = "[No Variations]"
Added Component: Designator=R?(J1-0603)
Add component (AddParameter): Name = "LatestRevisionDate"; Value = "29-May-2009"; VariantName = "[No Variations]"
Add component (AddParameter): Name = "LatestRevisionNote"; Value = "IPC-7351 Footprint Added."; VariantName = "[No Variations]"
Add component (AddParameter): Name = "PackageDescription"; Value = "Chip Resistor"; VariantName = "[No Variations]"
Add component (AddParameter): Name = "PackageReference"; Value = "J1-0603"; VariantName = "[No Variations]"
Add component (AddParameter): Name = "Published"; Value = "8-Jun-2000"; VariantName = "[No Variations]"
Add component (AddParameter): Name = "Publisher"; Value = "Altium Limited"; VariantName = "[No Variations]"
Add component (AddParameter): Name = "Value"; Value = "33"; VariantName = "[No Variations]"
Added Component: Designator=R?(J1-0603)
Add component (AddParameter): Name = "LatestRevisionDate"; Value = "29-May-2009"; VariantName = "[No Variations]"
Add component (AddParameter): Name = "LatestRevisionNote"; Value = "IPC-7351 Footprint Added."; VariantName = "[No Variations]"
Add component (AddParameter): Name = "PackageDescription"; Value = "Chip Resistor"; VariantName = "[No Variations]"
Add component (AddParameter): Name = "PackageReference"; Value = "J1-0603"; VariantName = "[No Variations]"
Add component (AddParameter): Name = "Published"; Value = "8-Jun-2000"; VariantName = "[No Variations]"
Add component (AddParameter): Name = "Publisher"; Value = "Altium Limited"; VariantName = "[No Variations]"
Add component (AddParameter): Name = "Value"; Value = "1k"; VariantName = "[No Variations]"
Added Component: Designator=R?(J1-0603)
Add component (AddParameter): Name = "LatestRevisionDate"; Value = "29-May-2009"; VariantName = "[No Variations]"
Add component (AddParameter): Name = "LatestRevisionNote"; Value = "IPC-7351 Footprint Added."; VariantName = "[No Variations]"
Add component (AddParameter): Name = "PackageDescription"; Value = "Chip Resistor"; VariantName = "[No Variations]"
Add component (AddParameter): Name = "PackageReference"; Value = "J1-0603"; VariantName = "[No Variations]"
Add component (AddParameter): Name = "Published"; Value = "8-Jun-2000"; VariantName = "[No Variations]"
Add component (AddParameter): Name = "Publisher"; Value = "Altium Limited"; VariantName = "[No Variations]"
Add component (AddParameter): Name = "Value"; Value = "33"; VariantName = "[No Variations]"
Added Pin To Net: NetName=GND Pin=?-1
Added Pin To Net: NetName=3.3V Pin=?-2
Added Pin To Net: NetName=Net?_3 Pin=?-3
Added Pin To Net: NetName=3.3V Pin=C?-1
Added Pin To Net: NetName=3.3V Pin=C?-1
Added Pin To Net: NetName=3.3V Pin=C?-1
Added Pin To Net: NetName=3.3V Pin=C?-1
Added Pin To Net: NetName=3.3V Pin=C?-1
Added Pin To Net: NetName=3.3V Pin=C?-1
Added Pin To Net: NetName=3.3V Pin=C?-1
Added Pin To Net: NetName=3.3V Pin=C?-1
Added Pin To Net: NetName=3.3V Pin=C?-1
Added Pin To Net: NetName=Net?_3 Pin=C?-1
Added Pin To Net: NetName=NetC?_1 Pin=C?-1
Added Pin To Net: NetName=GND Pin=C?-2
Added Pin To Net: NetName=GND Pin=C?-2
Added Pin To Net: NetName=GND Pin=C?-2
Added Pin To Net: NetName=GND Pin=C?-2
Added Pin To Net: NetName=GND Pin=C?-2
Added Pin To Net: NetName=GND Pin=C?-2
Added Pin To Net: NetName=GND Pin=C?-2
Added Pin To Net: NetName=GND Pin=C?-2
Added Pin To Net: NetName=GND Pin=C?-2
Added Pin To Net: NetName=GND Pin=C?-2
Added Pin To Net: NetName=GND Pin=C?-2
Added Pin To Net: NetName=Net?_3 Pin=D?-1
Added Pin To Net: NetName=NetD?_2 Pin=D?-2
Added Pin To Net: NetName=GND Pin=DS?-1
Added Pin To Net: NetName=NetDS?_2 Pin=DS?-2
Added Pin To Net: NetName=NetF?_1 Pin=F?-1
Added Pin To Net: NetName=NetF?_2 Pin=F?-2
Added Pin To Net: NetName=NetF?_2 Pin=FB?-1
Added Pin To Net: NetName=NetD?_2 Pin=FB?-2
Added Pin To Net: NetName=NetC?_1 Pin=J?-1
Added Pin To Net: NetName=NetJ?_1 Pin=J?-1
Added Pin To Net: NetName=GND Pin=J?-2
Added Pin To Net: NetName=NetJ?_2 Pin=J?-2
Added Pin To Net: NetName=NetJ?_3 Pin=J?-3
Added Pin To Net: NetName=GND Pin=J?-5
Added Pin To Net: NetName=GND Pin=J?-6
Added Pin To Net: NetName=GND Pin=J?-7
Added Pin To Net: NetName=GND Pin=J?-8
Added Pin To Net: NetName=GND Pin=J?-9
Added Pin To Net: NetName=GND Pin=J?-10
Added Pin To Net: NetName=GND Pin=J?-11
Added Pin To Net: NetName=NetC?_1 Pin=JP?-1
Added Pin To Net: NetName=NetF?_1 Pin=JP?-1
Added Pin To Net: NetName=NetF?_1 Pin=JP?-2
Added Pin To Net: NetName=NetJ?_1 Pin=JP?-2
Added Pin To Net: NetName=3.3V Pin=MCU?-5
Added Pin To Net: NetName=GND Pin=MCU?-6
Added Pin To Net: NetName=3.3V Pin=MCU?-16
Added Pin To Net: NetName=GND Pin=MCU?-17
Added Pin To Net: NetName=GND Pin=MCU?-18
Added Pin To Net: NetName=3.3V Pin=MCU?-43
Added Pin To Net: NetName=GND Pin=MCU?-44
Added Pin To Net: NetName=3.3V Pin=MCU?-56
Added Pin To Net: NetName=GND Pin=MCU?-57
Added Pin To Net: NetName=3.3V Pin=MCU?-70
Added Pin To Net: NetName=GND Pin=MCU?-71
Added Pin To Net: NetName=GND Pin=MCU?-93
Added Pin To Net: NetName=3.3V Pin=MCU?-94
Added Pin To Net: NetName=GND Pin=MCU?-107
Added Pin To Net: NetName=3.3V Pin=MCU?-108
Added Pin To Net: NetName=GND Pin=MCU?-121
Added Pin To Net: NetName=3.3V Pin=MCU?-122
Added Pin To Net: NetName=GND Pin=MCU?-134
Added Pin To Net: NetName=3.3V Pin=MCU?-135
Added Pin To Net: NetName=3.3V Pin=P?-5
Added Pin To Net: NetName=GND Pin=P?-6
Added Pin To Net: NetName=3.3V Pin=P?-7
Added Pin To Net: NetName=GND Pin=P?-8
Added Pin To Net: NetName=GND Pin=P?-13
Added Pin To Net: NetName=3.3V Pin=P?-14
Added Pin To Net: NetName=3.3V Pin=P?-16
Added Pin To Net: NetName=GND Pin=P?-17
Added Pin To Net: NetName=GND Pin=P?-18
Added Pin To Net: NetName=3.3V Pin=P?-20
Added Pin To Net: NetName=GND Pin=P?-21
Added Pin To Net: NetName=GND Pin=P?-21
Added Pin To Net: NetName=3.3V Pin=P?-22
Added Pin To Net: NetName=GND Pin=P?-26
Added Pin To Net: NetName=3.3V Pin=P?-27
Added Pin To Net: NetName=3.3V Pin=P?-34
Added Pin To Net: NetName=GND Pin=P?-35
Added Pin To Net: NetName=GND Pin=P?-35
Added Pin To Net: NetName=3.3V Pin=P?-36
Added Pin To Net: NetName=NetDS?_2 Pin=R?-1
Added Pin To Net: NetName=3.3V Pin=R?-2
Added Pin To Net: NetName=NetJ?_2 Pin=R?-2
Added Pin To Net: NetName=NetJ?_3 Pin=R?-2
Added Pin To Net: NetName=NetMCU?_1 Pin=MCU?-1
Added Pin To Net: NetName=NetMCU?_1 Pin=P?-1
Added Net: Name=NetMCU?_1
Added Pin To Net: NetName=NetMCU?_2 Pin=MCU?-2
Added Pin To Net: NetName=NetMCU?_2 Pin=P?-2
Added Net: Name=NetMCU?_2
Added Pin To Net: NetName=NetMCU?_3 Pin=MCU?-3
Added Pin To Net: NetName=NetMCU?_3 Pin=P?-3
Added Net: Name=NetMCU?_3
Added Pin To Net: NetName=NetMCU?_4 Pin=MCU?-4
Added Pin To Net: NetName=NetMCU?_4 Pin=P?-4
Added Net: Name=NetMCU?_4
Added Pin To Net: NetName=NetMCU?_7 Pin=MCU?-7
Added Pin To Net: NetName=NetMCU?_7 Pin=P?-7
Added Net: Name=NetMCU?_7
Added Pin To Net: NetName=NetMCU?_8 Pin=MCU?-8
Added Pin To Net: NetName=NetMCU?_8 Pin=P?-8
Added Net: Name=NetMCU?_8
Added Pin To Net: NetName=NetMCU?_9 Pin=MCU?-9
Added Pin To Net: NetName=NetMCU?_9 Pin=P?-9
Added Net: Name=NetMCU?_9
Added Pin To Net: NetName=NetMCU?_10 Pin=MCU?-10
Added Pin To Net: NetName=NetMCU?_10 Pin=P?-10
Added Net: Name=NetMCU?_10
Added Pin To Net: NetName=NetMCU?_11 Pin=MCU?-11
Added Pin To Net: NetName=NetMCU?_11 Pin=P?-11
Added Net: Name=NetMCU?_11
Added Pin To Net: NetName=NetMCU?_12 Pin=MCU?-12
Added Pin To Net: NetName=NetMCU?_12 Pin=P?-12
Added Net: Name=NetMCU?_12
Added Pin To Net: NetName=NetMCU?_13 Pin=MCU?-13
Added Pin To Net: NetName=NetMCU?_13 Pin=P?-13
Added Net: Name=NetMCU?_13
Added Pin To Net: NetName=NetMCU?_14 Pin=MCU?-14
Added Pin To Net: NetName=NetMCU?_14 Pin=P?-14
Added Net: Name=NetMCU?_14
Added Pin To Net: NetName=NetMCU?_15 Pin=MCU?-15
Added Pin To Net: NetName=NetMCU?_15 Pin=P?-15
Added Net: Name=NetMCU?_15
Added Pin To Net: NetName=NetMCU?_19 Pin=MCU?-19
Added Pin To Net: NetName=NetMCU?_19 Pin=P?-19
Added Net: Name=NetMCU?_19
Added Pin To Net: NetName=NetMCU?_20 Pin=MCU?-20
Added Pin To Net: NetName=NetMCU?_20 Pin=P?-20
Added Net: Name=NetMCU?_20
Added Pin To Net: NetName=NetMCU?_21 Pin=MCU?-21
Added Pin To Net: NetName=NetMCU?_21 Pin=P?-21
Added Net: Name=NetMCU?_21
Added Pin To Net: NetName=NetMCU?_22 Pin=MCU?-22
Added Pin To Net: NetName=NetMCU?_22 Pin=P?-22
Added Net: Name=NetMCU?_22
Added Pin To Net: NetName=NetMCU?_23 Pin=MCU?-23
Added Pin To Net: NetName=NetMCU?_23 Pin=P?-23
Added Net: Name=NetMCU?_23
Added Pin To Net: NetName=NetMCU?_24 Pin=MCU?-24
Added Pin To Net: NetName=NetMCU?_24 Pin=P?-24
Added Net: Name=NetMCU?_24
Added Pin To Net: NetName=NetMCU?_25 Pin=MCU?-25
Added Pin To Net: NetName=NetMCU?_25 Pin=P?-25
Added Net: Name=NetMCU?_25
Added Pin To Net: NetName=NetMCU?_26 Pin=MCU?-26
Added Pin To Net: NetName=NetMCU?_26 Pin=P?-26
Added Net: Name=NetMCU?_26
Added Pin To Net: NetName=NetMCU?_27 Pin=MCU?-27
Added Pin To Net: NetName=NetMCU?_27 Pin=P?-27
Added Net: Name=NetMCU?_27
Added Pin To Net: NetName=NetMCU?_28 Pin=MCU?-28
Added Pin To Net: NetName=NetMCU?_28 Pin=P?-28
Added Net: Name=NetMCU?_28
Added Pin To Net: NetName=NetMCU?_29 Pin=MCU?-29
Added Pin To Net: NetName=NetMCU?_29 Pin=P?-29
Added Net: Name=NetMCU?_29
Added Pin To Net: NetName=NetMCU?_30 Pin=MCU?-30
Added Pin To Net: NetName=NetMCU?_30 Pin=P?-30
Added Net: Name=NetMCU?_30
Added Pin To Net: NetName=NetMCU?_31 Pin=MCU?-31
Added Pin To Net: NetName=NetMCU?_31 Pin=P?-31
Added Net: Name=NetMCU?_31
Added Pin To Net: NetName=NetMCU?_32 Pin=MCU?-32
Added Pin To Net: NetName=NetMCU?_32 Pin=P?-32
Added Net: Name=NetMCU?_32
Added Pin To Net: NetName=NetMCU?_33 Pin=MCU?-33
Added Pin To Net: NetName=NetMCU?_33 Pin=P?-33
Added Net: Name=NetMCU?_33
Added Pin To Net: NetName=NetMCU?_34 Pin=MCU?-34
Added Pin To Net: NetName=NetMCU?_34 Pin=P?-34
Added Net: Name=NetMCU?_34
Added Pin To Net: NetName=NetMCU?_35 Pin=MCU?-35
Added Pin To Net: NetName=NetMCU?_35 Pin=P?-35
Added Net: Name=NetMCU?_35
Added Pin To Net: NetName=NetMCU?_36 Pin=MCU?-36
Added Pin To Net: NetName=NetMCU?_36 Pin=P?-36
Added Net: Name=NetMCU?_36
Added Pin To Net: NetName=NetMCU?_37 Pin=MCU?-37
Added Pin To Net: NetName=NetMCU?_37 Pin=P?-1
Added Net: Name=NetMCU?_37
Added Pin To Net: NetName=NetMCU?_38 Pin=MCU?-38
Added Pin To Net: NetName=NetMCU?_38 Pin=P?-2
Added Net: Name=NetMCU?_38
Added Pin To Net: NetName=NetMCU?_39 Pin=MCU?-39
Added Pin To Net: NetName=NetMCU?_39 Pin=P?-3
Added Net: Name=NetMCU?_39
Added Pin To Net: NetName=NetMCU?_40 Pin=MCU?-40
Added Pin To Net: NetName=NetMCU?_40 Pin=P?-4
Added Net: Name=NetMCU?_40
Added Pin To Net: NetName=NetMCU?_41 Pin=MCU?-41
Added Pin To Net: NetName=NetMCU?_41 Pin=P?-5
Added Net: Name=NetMCU?_41
Added Pin To Net: NetName=NetMCU?_42 Pin=MCU?-42
Added Pin To Net: NetName=NetMCU?_42 Pin=P?-6
Added Net: Name=NetMCU?_42
Added Pin To Net: NetName=NetMCU?_45 Pin=MCU?-45
Added Pin To Net: NetName=NetMCU?_45 Pin=P?-9
Added Net: Name=NetMCU?_45
Added Pin To Net: NetName=NetMCU?_46 Pin=MCU?-46
Added Pin To Net: NetName=NetMCU?_46 Pin=P?-10
Added Net: Name=NetMCU?_46
Added Pin To Net: NetName=NetMCU?_47 Pin=MCU?-47
Added Pin To Net: NetName=NetMCU?_47 Pin=P?-11
Added Net: Name=NetMCU?_47
Added Pin To Net: NetName=NetMCU?_48 Pin=MCU?-48
Added Pin To Net: NetName=NetMCU?_48 Pin=P?-12
Added Net: Name=NetMCU?_48
Added Pin To Net: NetName=NetMCU?_49 Pin=MCU?-49
Added Pin To Net: NetName=NetMCU?_49 Pin=P?-13
Added Net: Name=NetMCU?_49
Added Pin To Net: NetName=NetMCU?_50 Pin=MCU?-50
Added Pin To Net: NetName=NetMCU?_50 Pin=P?-14
Added Net: Name=NetMCU?_50
Added Pin To Net: NetName=NetMCU?_51 Pin=MCU?-51
Added Pin To Net: NetName=NetMCU?_51 Pin=P?-15
Added Net: Name=NetMCU?_51
Added Pin To Net: NetName=NetMCU?_52 Pin=MCU?-52
Added Pin To Net: NetName=NetMCU?_52 Pin=P?-16
Added Net: Name=NetMCU?_52
Added Pin To Net: NetName=NetMCU?_53 Pin=MCU?-53
Added Pin To Net: NetName=NetMCU?_53 Pin=P?-17
Added Net: Name=NetMCU?_53
Added Pin To Net: NetName=NetMCU?_54 Pin=MCU?-54
Added Pin To Net: NetName=NetMCU?_54 Pin=P?-18
Added Net: Name=NetMCU?_54
Added Pin To Net: NetName=NetMCU?_55 Pin=MCU?-55
Added Pin To Net: NetName=NetMCU?_55 Pin=P?-19
Added Net: Name=NetMCU?_55
Added Pin To Net: NetName=NetMCU?_58 Pin=MCU?-58
Added Pin To Net: NetName=NetMCU?_58 Pin=P?-22
Added Net: Name=NetMCU?_58
Added Pin To Net: NetName=NetMCU?_59 Pin=MCU?-59
Added Pin To Net: NetName=NetMCU?_59 Pin=P?-23
Added Net: Name=NetMCU?_59
Added Pin To Net: NetName=NetMCU?_60 Pin=MCU?-60
Added Pin To Net: NetName=NetMCU?_60 Pin=P?-24
Added Net: Name=NetMCU?_60
Added Pin To Net: NetName=NetMCU?_61 Pin=MCU?-61
Added Pin To Net: NetName=NetMCU?_61 Pin=P?-25
Added Net: Name=NetMCU?_61
Added Pin To Net: NetName=NetMCU?_62 Pin=MCU?-62
Added Pin To Net: NetName=NetMCU?_62 Pin=P?-26
Added Net: Name=NetMCU?_62
Added Pin To Net: NetName=NetMCU?_63 Pin=MCU?-63
Added Pin To Net: NetName=NetMCU?_63 Pin=P?-27
Added Net: Name=NetMCU?_63
Added Pin To Net: NetName=NetMCU?_64 Pin=MCU?-64
Added Pin To Net: NetName=NetMCU?_64 Pin=P?-28
Added Net: Name=NetMCU?_64
Added Pin To Net: NetName=NetMCU?_65 Pin=MCU?-65
Added Pin To Net: NetName=NetMCU?_65 Pin=P?-29
Added Net: Name=NetMCU?_65
Added Pin To Net: NetName=NetMCU?_66 Pin=MCU?-66
Added Pin To Net: NetName=NetMCU?_66 Pin=P?-30
Added Net: Name=NetMCU?_66
Added Pin To Net: NetName=NetMCU?_67 Pin=MCU?-67
Added Pin To Net: NetName=NetMCU?_67 Pin=P?-31
Added Net: Name=NetMCU?_67
Added Pin To Net: NetName=NetMCU?_68 Pin=MCU?-68
Added Pin To Net: NetName=NetMCU?_68 Pin=P?-32
Added Net: Name=NetMCU?_68
Added Pin To Net: NetName=NetMCU?_69 Pin=MCU?-69
Added Pin To Net: NetName=NetMCU?_69 Pin=P?-33
Added Net: Name=NetMCU?_69
Added Pin To Net: NetName=NetMCU?_72 Pin=MCU?-72
Added Pin To Net: NetName=NetMCU?_72 Pin=P?-36
Added Net: Name=NetMCU?_72
Added Pin To Net: NetName=NetMCU?_73 Pin=MCU?-73
Added Pin To Net: NetName=NetMCU?_73 Pin=P?-1
Added Net: Name=NetMCU?_73
Added Pin To Net: NetName=NetMCU?_74 Pin=MCU?-74
Added Pin To Net: NetName=NetMCU?_74 Pin=P?-2
Added Net: Name=NetMCU?_74
Added Pin To Net: NetName=NetMCU?_75 Pin=MCU?-75
Added Pin To Net: NetName=NetMCU?_75 Pin=P?-3
Added Net: Name=NetMCU?_75
Added Pin To Net: NetName=NetMCU?_76 Pin=MCU?-76
Added Pin To Net: NetName=NetMCU?_76 Pin=P?-4
Added Net: Name=NetMCU?_76
Added Pin To Net: NetName=NetMCU?_77 Pin=MCU?-77
Added Pin To Net: NetName=NetMCU?_77 Pin=P?-5
Added Net: Name=NetMCU?_77
Added Pin To Net: NetName=NetMCU?_78 Pin=MCU?-78
Added Pin To Net: NetName=NetMCU?_78 Pin=P?-6
Added Net: Name=NetMCU?_78
Added Pin To Net: NetName=NetMCU?_79 Pin=MCU?-79
Added Pin To Net: NetName=NetMCU?_79 Pin=P?-7
Added Net: Name=NetMCU?_79
Added Pin To Net: NetName=NetMCU?_80 Pin=MCU?-80
Added Pin To Net: NetName=NetMCU?_80 Pin=P?-8
Added Net: Name=NetMCU?_80
Added Pin To Net: NetName=NetMCU?_81 Pin=MCU?-81
Added Pin To Net: NetName=NetMCU?_81 Pin=P?-9
Added Net: Name=NetMCU?_81
Added Pin To Net: NetName=NetMCU?_82 Pin=MCU?-82
Added Pin To Net: NetName=NetMCU?_82 Pin=P?-10
Added Net: Name=NetMCU?_82
Added Pin To Net: NetName=NetMCU?_83 Pin=MCU?-83
Added Pin To Net: NetName=NetMCU?_83 Pin=P?-11
Added Net: Name=NetMCU?_83
Added Pin To Net: NetName=NetMCU?_84 Pin=MCU?-84
Added Pin To Net: NetName=NetMCU?_84 Pin=P?-12
Added Net: Name=NetMCU?_84
Added Pin To Net: NetName=NetMCU?_85 Pin=MCU?-85
Added Pin To Net: NetName=NetMCU?_85 Pin=P?-13
Added Net: Name=NetMCU?_85
Added Pin To Net: NetName=NetMCU?_86 Pin=MCU?-86
Added Pin To Net: NetName=NetMCU?_86 Pin=P?-14
Added Net: Name=NetMCU?_86
Added Pin To Net: NetName=NetMCU?_87 Pin=MCU?-87
Added Pin To Net: NetName=NetMCU?_87 Pin=P?-15
Added Net: Name=NetMCU?_87
Added Pin To Net: NetName=NetMCU?_88 Pin=MCU?-88
Added Pin To Net: NetName=NetMCU?_88 Pin=P?-16
Added Net: Name=NetMCU?_88
Added Pin To Net: NetName=NetMCU?_89 Pin=MCU?-89
Added Pin To Net: NetName=NetMCU?_89 Pin=P?-17
Added Net: Name=NetMCU?_89
Added Pin To Net: NetName=NetMCU?_90 Pin=MCU?-90
Added Pin To Net: NetName=NetMCU?_90 Pin=P?-18
Added Net: Name=NetMCU?_90
Added Pin To Net: NetName=NetMCU?_91 Pin=MCU?-91
Added Pin To Net: NetName=NetMCU?_91 Pin=P?-19
Added Net: Name=NetMCU?_91
Added Pin To Net: NetName=NetMCU?_92 Pin=MCU?-92
Added Pin To Net: NetName=NetMCU?_92 Pin=P?-20
Added Net: Name=NetMCU?_92
Added Pin To Net: NetName=NetMCU?_95 Pin=MCU?-95
Added Pin To Net: NetName=NetMCU?_95 Pin=P?-23
Added Net: Name=NetMCU?_95
Added Pin To Net: NetName=NetMCU?_96 Pin=MCU?-96
Added Pin To Net: NetName=NetMCU?_96 Pin=P?-24
Added Net: Name=NetMCU?_96
Added Pin To Net: NetName=NetMCU?_97 Pin=MCU?-97
Added Pin To Net: NetName=NetMCU?_97 Pin=P?-25
Added Net: Name=NetMCU?_97
Added Pin To Net: NetName=NetMCU?_98 Pin=MCU?-98
Added Pin To Net: NetName=NetMCU?_98 Pin=P?-26
Added Net: Name=NetMCU?_98
Added Pin To Net: NetName=NetMCU?_99 Pin=MCU?-99
Added Pin To Net: NetName=NetMCU?_99 Pin=P?-27
Added Net: Name=NetMCU?_99
Added Pin To Net: NetName=NetMCU?_100 Pin=MCU?-100
Added Pin To Net: NetName=NetMCU?_100 Pin=P?-28
Added Net: Name=NetMCU?_100
Added Pin To Net: NetName=NetMCU?_101 Pin=MCU?-101
Added Pin To Net: NetName=NetMCU?_101 Pin=P?-29
Added Net: Name=NetMCU?_101
Added Pin To Net: NetName=NetMCU?_102 Pin=MCU?-102
Added Pin To Net: NetName=NetMCU?_102 Pin=P?-30
Added Net: Name=NetMCU?_102
Added Pin To Net: NetName=NetMCU?_103 Pin=MCU?-103
Added Pin To Net: NetName=NetMCU?_103 Pin=P?-31
Added Net: Name=NetMCU?_103
Added Pin To Net: NetName=NetMCU?_104 Pin=MCU?-104
Added Pin To Net: NetName=NetMCU?_104 Pin=P?-32
Added Net: Name=NetMCU?_104
Added Pin To Net: NetName=NetMCU?_105 Pin=MCU?-105
Added Pin To Net: NetName=NetMCU?_105 Pin=P?-33
Added Net: Name=NetMCU?_105
Added Pin To Net: NetName=NetMCU?_106 Pin=MCU?-106
Added Pin To Net: NetName=NetMCU?_106 Pin=P?-34
Added Net: Name=NetMCU?_106
Added Pin To Net: NetName=NetMCU?_109 Pin=MCU?-109
Added Pin To Net: NetName=NetMCU?_109 Pin=P?-1
Added Net: Name=NetMCU?_109
Added Pin To Net: NetName=NetMCU?_110 Pin=MCU?-110
Added Pin To Net: NetName=NetMCU?_110 Pin=P?-2
Added Net: Name=NetMCU?_110
Added Pin To Net: NetName=NetMCU?_111 Pin=MCU?-111
Added Pin To Net: NetName=NetMCU?_111 Pin=P?-3
Added Net: Name=NetMCU?_111
Added Pin To Net: NetName=NetMCU?_112 Pin=MCU?-112
Added Pin To Net: NetName=NetMCU?_112 Pin=P?-4
Added Net: Name=NetMCU?_112
Added Pin To Net: NetName=NetMCU?_113 Pin=MCU?-113
Added Pin To Net: NetName=NetMCU?_113 Pin=P?-5
Added Net: Name=NetMCU?_113
Added Pin To Net: NetName=NetMCU?_114 Pin=MCU?-114
Added Pin To Net: NetName=NetMCU?_114 Pin=P?-6
Added Net: Name=NetMCU?_114
Added Pin To Net: NetName=NetMCU?_115 Pin=MCU?-115
Added Pin To Net: NetName=NetMCU?_115 Pin=P?-7
Added Net: Name=NetMCU?_115
Added Pin To Net: NetName=NetMCU?_116 Pin=MCU?-116
Added Pin To Net: NetName=NetMCU?_116 Pin=P?-8
Added Net: Name=NetMCU?_116
Added Pin To Net: NetName=NetMCU?_117 Pin=MCU?-117
Added Pin To Net: NetName=NetMCU?_117 Pin=P?-9
Added Net: Name=NetMCU?_117
Added Pin To Net: NetName=NetMCU?_118 Pin=MCU?-118
Added Pin To Net: NetName=NetMCU?_118 Pin=P?-10
Added Net: Name=NetMCU?_118
Added Pin To Net: NetName=NetMCU?_119 Pin=MCU?-119
Added Pin To Net: NetName=NetMCU?_119 Pin=P?-11
Added Net: Name=NetMCU?_119
Added Pin To Net: NetName=NetMCU?_120 Pin=MCU?-120
Added Pin To Net: NetName=NetMCU?_120 Pin=P?-12
Added Net: Name=NetMCU?_120
Added Pin To Net: NetName=NetMCU?_123 Pin=MCU?-123
Added Pin To Net: NetName=NetMCU?_123 Pin=P?-15
Added Net: Name=NetMCU?_123
Added Pin To Net: NetName=NetMCU?_124 Pin=MCU?-124
Added Pin To Net: NetName=NetMCU?_124 Pin=P?-16
Added Net: Name=NetMCU?_124
Added Pin To Net: NetName=NetMCU?_125 Pin=MCU?-125
Added Pin To Net: NetName=NetMCU?_125 Pin=P?-17
Added Net: Name=NetMCU?_125
Added Pin To Net: NetName=NetMCU?_126 Pin=MCU?-126
Added Pin To Net: NetName=NetMCU?_126 Pin=P?-18
Added Net: Name=NetMCU?_126
Added Pin To Net: NetName=NetMCU?_127 Pin=MCU?-127
Added Pin To Net: NetName=NetMCU?_127 Pin=P?-19
Added Net: Name=NetMCU?_127
Added Pin To Net: NetName=NetMCU?_128 Pin=MCU?-128
Added Pin To Net: NetName=NetMCU?_128 Pin=P?-20
Added Net: Name=NetMCU?_128
Added Pin To Net: NetName=NetMCU?_129 Pin=MCU?-129
Added Pin To Net: NetName=NetMCU?_129 Pin=P?-21
Added Net: Name=NetMCU?_129
Added Pin To Net: NetName=NetMCU?_130 Pin=MCU?-130
Added Pin To Net: NetName=NetMCU?_130 Pin=P?-22
Added Net: Name=NetMCU?_130
Added Pin To Net: NetName=NetMCU?_131 Pin=MCU?-131
Added Pin To Net: NetName=NetMCU?_131 Pin=P?-23
Added Net: Name=NetMCU?_131
Added Pin To Net: NetName=NetMCU?_132 Pin=MCU?-132
Added Pin To Net: NetName=NetMCU?_132 Pin=P?-24
Added Net: Name=NetMCU?_132
Added Pin To Net: NetName=NetMCU?_133 Pin=MCU?-133
Added Pin To Net: NetName=NetMCU?_133 Pin=P?-25
Added Net: Name=NetMCU?_133
Added Pin To Net: NetName=NetMCU?_136 Pin=MCU?-136
Added Pin To Net: NetName=NetMCU?_136 Pin=P?-28
Added Net: Name=NetMCU?_136
Added Pin To Net: NetName=NetMCU?_137 Pin=MCU?-137
Added Pin To Net: NetName=NetMCU?_137 Pin=P?-29
Added Net: Name=NetMCU?_137
Added Pin To Net: NetName=NetMCU?_138 Pin=MCU?-138
Added Pin To Net: NetName=NetMCU?_138 Pin=P?-30
Added Net: Name=NetMCU?_138
Added Pin To Net: NetName=NetMCU?_139 Pin=MCU?-139
Added Pin To Net: NetName=NetMCU?_139 Pin=P?-31
Added Net: Name=NetMCU?_139
Added Pin To Net: NetName=NetMCU?_140 Pin=MCU?-140
Added Pin To Net: NetName=NetMCU?_140 Pin=P?-32
Added Net: Name=NetMCU?_140
Added Pin To Net: NetName=NetMCU?_141 Pin=MCU?-141
Added Pin To Net: NetName=NetMCU?_141 Pin=P?-33
Added Net: Name=NetMCU?_141
Added Pin To Net: NetName=NetMCU?_142 Pin=MCU?-142
Added Pin To Net: NetName=NetMCU?_142 Pin=P?-34
Added Net: Name=NetMCU?_142
Added Pin To Net: NetName=NetMCU?_143 Pin=MCU?-143
Added Pin To Net: NetName=NetMCU?_143 Pin=P?-35
Added Net: Name=NetMCU?_143
Added Pin To Net: NetName=NetMCU?_144 Pin=MCU?-144
Added Pin To Net: NetName=NetMCU?_144 Pin=P?-36
Added Net: Name=NetMCU?_144
Added Member To Class: ClassName=Sheet1 Member=Component ? AZ1117CR-3.3TRG1
Added Member To Class: ClassName=Sheet1 Member=Component C? 0805
Added Member To Class: ClassName=Sheet1 Member=Component C? 0805
Added Member To Class: ClassName=Sheet1 Member=Component C? 0805
Added Member To Class: ClassName=Sheet1 Member=Component C? 0805
Added Member To Class: ClassName=Sheet1 Member=Component C? 0805
Added Member To Class: ClassName=Sheet1 Member=Component C? 0805
Added Member To Class: ClassName=Sheet1 Member=Component C? 0805
Added Member To Class: ClassName=Sheet1 Member=Component C? 0805
Added Member To Class: ClassName=Sheet1 Member=Component C? 0805
Added Member To Class: ClassName=Sheet1 Member=Component C? 0805
Added Member To Class: ClassName=Sheet1 Member=Component C? 0805
Added Member To Class: ClassName=Sheet1 Member=Component D? S3MB-13-F
Added Member To Class: ClassName=Sheet1 Member=Component DS? 150060VS75000
Added Member To Class: ClassName=Sheet1 Member=Component F? 0451001.MRL
Added Member To Class: ClassName=Sheet1 Member=Component FB? 742792023
Added Member To Class: ClassName=Sheet1 Member=Component J? 47589-0001
Added Member To Class: ClassName=Sheet1 Member=Component J? 1-770967-0
Added Member To Class: ClassName=Sheet1 Member=Component JP? 0603
Added Member To Class: ClassName=Sheet1 Member=Component JP? 0603
Added Member To Class: ClassName=Sheet1 Member=Component MCU? MK66FX1M0VMD18
Added Member To Class: ClassName=Sheet1 Member=Component P? Header 18X2
Added Member To Class: ClassName=Sheet1 Member=Component P? Header 18X2
Added Member To Class: ClassName=Sheet1 Member=Component P? Header 18X2
Added Member To Class: ClassName=Sheet1 Member=Component P? Header 18X2
Added Member To Class: ClassName=Sheet1 Member=Component R? 0603
Added Member To Class: ClassName=Sheet1 Member=Component R? 0603
Added Member To Class: ClassName=Sheet1 Member=Component R? 0603
Added Room: Name=Sheet1
