Removed Pin From Net: NetName=NetC39_1 Pin=C39-1
Removed Pin From Net: NetName=NetC40_1 Pin=C40-1
Removed Pin From Net: NetName=NetC42_1 Pin=C42-1
Removed Pin From Net: NetName=NetC43_1 Pin=C43-1
Removed Pin From Net: NetName=NetCAN1 CON_1 Pin=CAN1 TRAN-1
Removed Pin From Net: NetName=NetCAN1 CON_2 Pin=CAN1 TRAN-4
Removed Pin From Net: NetName=NetCAN2 CON_1 Pin=CAN2 TRAN-1
Removed Pin From Net: NetName=NetCAN2 CON_2 Pin=CAN2 TRAN-4
Removed Pin From Net: NetName=NetC39_1 Pin=Y3-1
Removed Pin From Net: NetName=NetC40_1 Pin=Y3-3
Removed Pin From Net: NetName=NetC42_1 Pin=Y4-1
Removed Pin From Net: NetName=NetC43_1 Pin=Y4-3
Change Component Comment : Designator=MCU Old Comment=COMPONENT_1 New Comment=MK66FX1M0
Change Component Designator: OldDesignator=C39 NewDesignator=C42
Change Component Designator: OldDesignator=C40 NewDesignator=C43
Change Component Designator: OldDesignator=C41 NewDesignator=C44
Change Component Designator: OldDesignator=C42 NewDesignator=C39
Change Component Designator: OldDesignator=C43 NewDesignator=C40
Change Component Designator: OldDesignator=C44 NewDesignator=C41
Change Component Designator: OldDesignator=CAN1 TRAN NewDesignator=CAN2 TRAN
Change Component Designator: OldDesignator=CAN2 TRAN NewDesignator=CAN1 TRAN
Change Component Designator: OldDesignator=J? NewDesignator=J1
Change Component Designator: OldDesignator=R14 NewDesignator=R15
Change Component Designator: OldDesignator=R15 NewDesignator=R14
Change Component Designator: OldDesignator=Y3 NewDesignator=Y4
Change Component Designator: OldDesignator=Y4 NewDesignator=Y3
Added Component: Designator=D3(Diode SOD-923)
Added Component: Designator=J2(FP-83611-9006-MFG)
Add component (AddParameter): Name = "Color"; Value = "Black"; VariantName = "[No Variations]"
Add component (AddParameter): Name = "Contact Material"; Value = "Copper"; VariantName = "[No Variations]"
Add component (AddParameter): Name = "Contact Plating"; Value = "Gold"; VariantName = "[No Variations]"
Add component (AddParameter): Name = "Current Rating"; Value = "1A"; VariantName = "[No Variations]"
Add component (AddParameter): Name = "Depth"; Value = "7.82mm"; VariantName = "[No Variations]"
Add component (AddParameter): Name = "ELV"; Value = "Compliant"; VariantName = "[No Variations]"
Add component (AddParameter): Name = "Flammability Rating"; Value = "UL94 V-0"; VariantName = "[No Variations]"
Add component (AddParameter): Name = "Gender"; Value = "Male"; VariantName = "[No Variations]"
Add component (AddParameter): Name = "Halogen Free"; Value = "Low Halogen"; VariantName = "[No Variations]"
Add component (AddParameter): Name = "Housing Color"; Value = "Black"; VariantName = "[No Variations]"
Add component (AddParameter): Name = "Housing Material"; Value = "Steel"; VariantName = "[No Variations]"
Add component (AddParameter): Name = "Insulation Resistance"; Value = "5GR"; VariantName = "[No Variations]"
Add component (AddParameter): Name = "Lead Free"; Value = "Lead Free"; VariantName = "[No Variations]"
Add component (AddParameter): Name = "Length"; Value = "19.94mm"; VariantName = "[No Variations]"
Add component (AddParameter): Name = "Max Operating Temperature"; Value = "125°C"; VariantName = "[No Variations]"
Add component (AddParameter): Name = "Max Supply Voltage"; Value = "350V"; VariantName = "[No Variations]"
Add component (AddParameter): Name = "Min Operating Temperature"; Value = "-55°C"; VariantName = "[No Variations]"
Add component (AddParameter): Name = "Mount"; Value = "Through Hole"; VariantName = "[No Variations]"
Add component (AddParameter): Name = "Number of Circuits"; Value = "9"; VariantName = "[No Variations]"
Add component (AddParameter): Name = "Number of Contacts"; Value = "9"; VariantName = "[No Variations]"
Add component (AddParameter): Name = "Number of Ports"; Value = "1"; VariantName = "[No Variations]"
Add component (AddParameter): Name = "Number of Positions"; Value = "9"; VariantName = "[No Variations]"
Add component (AddParameter): Name = "Number of Rows"; Value = "2"; VariantName = "[No Variations]"
Add component (AddParameter): Name = "Number of Terminals/Pins"; Value = "9"; VariantName = "[No Variations]"
Add component (AddParameter): Name = "Orientation"; Value = "Right Angle"; VariantName = "[No Variations]"
Add component (AddParameter): Name = "Package Quantity"; Value = "156"; VariantName = "[No Variations]"
Add component (AddParameter): Name = "Packaging"; Value = "Rail/Tube"; VariantName = "[No Variations]"
Add component (AddParameter): Name = "Pitch"; Value = "1.27mm"; VariantName = "[No Variations]"
Add component (AddParameter): Name = "Plating"; Value = "Steel"; VariantName = "[No Variations]"
Add component (AddParameter): Name = "Radiation Hardening"; Value = "No"; VariantName = "[No Variations]"
Add component (AddParameter): Name = "REACH SVHC"; Value = "No SVHC"; VariantName = "[No Variations]"
Add component (AddParameter): Name = "Series"; Value = "Micro D"; VariantName = "[No Variations]"
Add component (AddParameter): Name = "Shell Material"; Value = "Steel"; VariantName = "[No Variations]"
Add component (AddParameter): Name = "Shell Size"; Value = "E"; VariantName = "[No Variations]"
Add component (AddParameter): Name = "Shielding"; Value = "Shielded"; VariantName = "[No Variations]"
Add component (AddParameter): Name = "Termination"; Value = "Solder"; VariantName = "[No Variations]"
Add component (AddParameter): Name = "Voltage Rating"; Value = "350V"; VariantName = "[No Variations]"
Add component (AddParameter): Name = "Voltage Rating (AC)"; Value = "350V"; VariantName = "[No Variations]"
Add component (AddParameter): Name = "Width"; Value = "16.89mm"; VariantName = "[No Variations]"
Added Pin To Net: NetName=NetC39_1 Pin=C39-1
Added Pin To Net: NetName=NetC40_1 Pin=C40-1
Added Pin To Net: NetName=NetC42_1 Pin=C42-1
Added Pin To Net: NetName=NetC43_1 Pin=C43-1
Added Pin To Net: NetName=NetCAN1 CON_1 Pin=CAN1 TRAN-1
Added Pin To Net: NetName=NetCAN1 CON_2 Pin=CAN1 TRAN-4
Added Pin To Net: NetName=NetCAN2 CON_1 Pin=CAN2 TRAN-1
Added Pin To Net: NetName=NetCAN2 CON_2 Pin=CAN2 TRAN-4
Added Pin To Net: NetName=GPS SIG Pin=D3-1
Added Pin To Net: NetName=GND Pin=D3-2
Add Pin To Net: Unknown Pin: Pin J1-1
Add Pin To Net: Unknown Pin: Pin J1-2
Added Pin To Net: NetName=DC Pin=MCU-50
Added Pin To Net: NetName=DD Pin=MCU-53
Added Pin To Net: NetName=Reset Pin=MCU-74
Added Pin To Net: NetName=DC Pin=P2-14
Added Pin To Net: NetName=DD Pin=P2-17
Added Pin To Net: NetName=Reset Pin=P3-2
Added Pin To Net: NetName=NetC39_1 Pin=Y3-1
Added Pin To Net: NetName=NetC40_1 Pin=Y3-3
Added Pin To Net: NetName=NetC42_1 Pin=Y4-1
Added Pin To Net: NetName=NetC43_1 Pin=Y4-3
Added Pin To Net: NetName=NetCAN1 TRAN_6 Pin=CAN1 TRAN-6
Added Pin To Net: NetName=NetCAN1 TRAN_6 Pin=R14-2
Added Net: Name=NetCAN1 TRAN_6
Added Pin To Net: NetName=NetCAN1 TRAN_7 Pin=CAN1 TRAN-7
Added Pin To Net: NetName=NetCAN1 TRAN_7 Pin=R14-1
Added Net: Name=NetCAN1 TRAN_7
Added Pin To Net: NetName=NetCAN2 TRAN_6 Pin=CAN2 TRAN-6
Added Pin To Net: NetName=NetCAN2 TRAN_6 Pin=R15-2
Added Net: Name=NetCAN2 TRAN_6
Added Pin To Net: NetName=NetCAN2 TRAN_7 Pin=CAN2 TRAN-7
Added Pin To Net: NetName=NetCAN2 TRAN_7 Pin=R15-1
Added Net: Name=NetCAN2 TRAN_7
Added Member To Class: ClassName=Sheet1 Member=Component D3 DF2S5.1FS,L3M
Added Member To Class: ClassName=Sheet1 Member=Component J2 83611-9006
Added Member To Class: ClassName=Sheet1 Member=Component P2 Header 18X2
