Removed Pin From Net: NetName=NetC40_1 Pin=C99-1
Removed Pin From Net: NetName=GND Pin=C99-2
Removed Member From Class: ClassName=Sheet1 Member=C99
Change Component Footprint: Designator=C4 Old Footprint=C0805 New Footprint=0603 Cap
Change Component Footprint: Designator=C6 Old Footprint=C0805 New Footprint=0603 Cap
Change Component Footprint: Designator=C7 Old Footprint=C0805 New Footprint=0603 Cap
Change Component Footprint: Designator=C9 Old Footprint=C0805 New Footprint=0603 Cap
Change Component Footprint: Designator=C11 Old Footprint=C0805 New Footprint=0603 Cap
Change Component Footprint: Designator=C12 Old Footprint=C0805 New Footprint=0603 Cap
Change Component Footprint: Designator=C20 Old Footprint=C0805 New Footprint=0603 Cap
Change Component Footprint: Designator=C21 Old Footprint=C0805 New Footprint=0603 Cap
Change Component Footprint: Designator=C22 Old Footprint=C0805 New Footprint=0603 Cap
Change Component Footprint: Designator=C23 Old Footprint=C0805 New Footprint=0603 Cap
Change Component Footprint: Designator=C24 Old Footprint=C0805 New Footprint=0603 Cap
Change Component Footprint: Designator=C25 Old Footprint=C0805 New Footprint=0603 Cap
Change Component Footprint: Designator=C26 Old Footprint=C0805 New Footprint=0603 Cap
Change Component Footprint: Designator=C28 Old Footprint=C0805 New Footprint=0603 Cap
Change Component Footprint: Designator=C29 Old Footprint=C0805 New Footprint=0603 Cap
Change Component Footprint: Designator=C30 Old Footprint=C0805 New Footprint=0603 Cap
Change Component Footprint: Designator=C31 Old Footprint=C0805 New Footprint=0603 Cap
Change Component Footprint: Designator=C32 Old Footprint=C0805 New Footprint=0603 Cap
Change Component Footprint: Designator=C33 Old Footprint=C0805 New Footprint=0603 Cap
Change Component Footprint: Designator=C34 Old Footprint=C0805 New Footprint=0603 Cap
Change Component Footprint: Designator=C35 Old Footprint=C0805 New Footprint=0603 Cap
Change Component Footprint: Designator=C36 Old Footprint=C0805 New Footprint=0603 Cap
Change Component Footprint: Designator=C37 Old Footprint=C0805 New Footprint=0603 Cap
Change Component Footprint: Designator=C38 Old Footprint=C0805 New Footprint=0603 Cap
Change Component Footprint: Designator=C39 Old Footprint=C0805 New Footprint=0603 Cap
Change Component Footprint: Designator=C40 Old Footprint=C0805 New Footprint=0603 Cap
Change Component Footprint: Designator=C41 Old Footprint=C0805 New Footprint=0603 Cap
Change Component Footprint: Designator=C42 Old Footprint=C0805 New Footprint=0603 Cap
Change Component Footprint: Designator=C43 Old Footprint=C0805 New Footprint=0603 Cap
Change Component Footprint: Designator=C44 Old Footprint=C0805 New Footprint=0603 Cap
Change Component Comment : Designator=C9 Old Comment=0805 New Comment=2.2uF
Change Component Comment : Designator=C12 Old Comment=0805 New Comment=2.2uF
Change Component Comment : Designator=C39 Old Comment=0805 New Comment=8pF
Change Component Comment : Designator=C40 Old Comment=0805 New Comment=8pF
Change Component Comment : Designator=C42 Old Comment=0805 New Comment=8pF
Change Component Comment : Designator=C43 Old Comment=0805 New Comment=8pF
Change Component Comment : Designator=C4 Old Comment=0805 New Comment=10uF
Change Component Comment : Designator=C20 Old Comment=0805 New Comment=10uF
Change Component Comment : Designator=C32 Old Comment=0805 New Comment=10uF
Change Component Comment : Designator=C36 Old Comment=0805 New Comment=10uF
Change Component Comment : Designator=C37 Old Comment=0805 New Comment=10uF
Change Component Comment : Designator=C38 Old Comment=0805 New Comment=10uF
Change Component Comment : Designator=C11 Old Comment=0805 New Comment=22uF
Change Component Comment : Designator=C6 Old Comment=0805 New Comment=100nF
Change Component Comment : Designator=C7 Old Comment=0805 New Comment=100nF
Change Component Comment : Designator=C21 Old Comment=0805 New Comment=100nF
Change Component Comment : Designator=C22 Old Comment=0805 New Comment=100nF
Change Component Comment : Designator=C23 Old Comment=0805 New Comment=100nF
Change Component Comment : Designator=C24 Old Comment=0805 New Comment=100nF
Change Component Comment : Designator=C25 Old Comment=0805 New Comment=100nF
Change Component Comment : Designator=C26 Old Comment=0805 New Comment=100nF
Change Component Comment : Designator=C28 Old Comment=0805 New Comment=100nF
Change Component Comment : Designator=C29 Old Comment=0805 New Comment=100nF
Change Component Comment : Designator=C30 Old Comment=0805 New Comment=100nF
Change Component Comment : Designator=C31 Old Comment=0805 New Comment=100nF
Change Component Comment : Designator=C33 Old Comment=0805 New Comment=100nF
Change Component Comment : Designator=C35 Old Comment=0805 New Comment=100nF
Change Component Comment : Designator=C41 Old Comment=0805 New Comment=100nF
Change Component Comment : Designator=C44 Old Comment=0805 New Comment=100nF
Change Component Comment : Designator=C34 Old Comment=0805 New Comment=470nF
Change component parameters: Designator = "C4" ("C4"); Footprint = "C0805"; UniqueID = "\BILCOHYT" ("\BILCOHYT")
Change component parameters: Designator = "C6" ("C6"); Footprint = "C0805"; UniqueID = "\PYSNMXJN" ("\PYSNMXJN")
Change component parameters: Designator = "C7" ("C7"); Footprint = "C0805"; UniqueID = "\EXUPXTBW" ("\EXUPXTBW")
Change component parameters: Designator = "C9" ("C9"); Footprint = "C0805"; UniqueID = "\MSQTJQJZ" ("\MSQTJQJZ")
Change component parameters: Designator = "C11" ("C11"); Footprint = "C0805"; UniqueID = "\OLQVEIPK" ("\OLQVEIPK")
Change component parameters: Designator = "C12" ("C12"); Footprint = "C0805"; UniqueID = "\BRIUZVUU" ("\BRIUZVUU")
Change component parameters: Designator = "C20" ("C20"); Footprint = "C0805"; UniqueID = "\PSQPYJBR" ("\PSQPYJBR")
Change component parameters: Designator = "C21" ("C21"); Footprint = "C0805"; UniqueID = "\MTFDBQVV" ("\MTFDBQVV")
Change component parameters: Designator = "C22" ("C22"); Footprint = "C0805"; UniqueID = "\NAMIFWTL" ("\NAMIFWTL")
Change component parameters: Designator = "C23" ("C23"); Footprint = "C0805"; UniqueID = "\OOGFPOAM" ("\OOGFPOAM")
Change component parameters: Designator = "C24" ("C24"); Footprint = "C0805"; UniqueID = "\XAQOMMUD" ("\XAQOMMUD")
Change component parameters: Designator = "C25" ("C25"); Footprint = "C0805"; UniqueID = "\QOCZWRAE" ("\QOCZWRAE")
Change component parameters: Designator = "C26" ("C26"); Footprint = "C0805"; UniqueID = "\HALRKMCD" ("\HALRKMCD")
Change component parameters: Designator = "C28" ("C28"); Footprint = "C0805"; UniqueID = "\UTLRGXNV" ("\UTLRGXNV")
Change component parameters: Designator = "C29" ("C29"); Footprint = "C0805"; UniqueID = "\XIAWBZIQ" ("\XIAWBZIQ")
Change component parameters: Designator = "C30" ("C30"); Footprint = "C0805"; UniqueID = "\ISYRHAYD" ("\ISYRHAYD")
Change component parameters: Designator = "C31" ("C31"); Footprint = "C0805"; UniqueID = "\SOTENFYC" ("\SOTENFYC")
Change component parameters: Designator = "C32" ("C32"); Footprint = "C0805"; UniqueID = "\YOVQGCRZ" ("\YOVQGCRZ")
Change component parameters: Designator = "C33" ("C33"); Footprint = "C0805"; UniqueID = "\FPMNKTRS" ("\FPMNKTRS")
Change component parameters: Designator = "C34" ("C34"); Footprint = "C0805"; UniqueID = "\OPEGDNME" ("\OPEGDNME")
Change component parameters: Designator = "C35" ("C35"); Footprint = "C0805"; UniqueID = "\UEQLEGWA" ("\UEQLEGWA")
Change component parameters: Designator = "C36" ("C36"); Footprint = "C0805"; UniqueID = "\HTWQFVEA" ("\HTWQFVEA")
Change component parameters: Designator = "C37" ("C37"); Footprint = "C0805"; UniqueID = "\LIJHDGUD" ("\LIJHDGUD")
Change component parameters: Designator = "C38" ("C38"); Footprint = "C0805"; UniqueID = "\WJAHFVVU" ("\WJAHFVVU")
Change component parameters: Designator = "C39" ("C39"); Footprint = "C0805"; UniqueID = "\XKGKFIPU" ("\XKGKFIPU")
Change component parameters: Designator = "C40" ("C40"); Footprint = "C0805"; UniqueID = "\CWIPOXTF" ("\CWIPOXTF")
Change component parameters: Designator = "C41" ("C41"); Footprint = "C0805"; UniqueID = "\AJFFJTAA" ("\AJFFJTAA")
Change component parameters: Designator = "C42" ("C42"); Footprint = "C0805"; UniqueID = "\EGIZONZH" ("\EGIZONZH")
Change component parameters: Designator = "C43" ("C43"); Footprint = "C0805"; UniqueID = "\UHYOYOFF" ("\UHYOYOFF")
Change component parameters: Designator = "C44" ("C44"); Footprint = "C0805"; UniqueID = "\LAXYMMGL" ("\LAXYMMGL")
Added Component: Designator=Y?(FP-CX2016DB-MFG)
Add component (AddParameter): Name = "Automotive"; Value = "No"; VariantName = "[No Variations]"
Add component (AddParameter): Name = "Category"; Value = "Crys"; VariantName = "[No Variations]"
Add component (AddParameter): Name = "ComponentLink2Description"; Value = "Datasheet"; VariantName = "[No Variations]"
Add component (AddParameter): Name = "ComponentLink2URL"; Value = "https://global.kyocera.com/prdct/electro/product/pdf/cx2016db_e.pdf"; VariantName = "[No Variations]"
Add component (AddParameter): Name = "Device Class L1"; Value = "Passive Components"; VariantName = "[No Variations]"
Add component (AddParameter): Name = "Device Class L2"; Value = "Crystals / Oscillators"; VariantName = "[No Variations]"
Add component (AddParameter): Name = "Device Class L3"; Value = "Crystals"; VariantName = "[No Variations]"
Add component (AddParameter): Name = "Digikey Description"; Value = "CRYSTAL 40.0000MHZ 8PF SMD"; VariantName = "[No Variations]"
Add component (AddParameter): Name = "Esr"; Value = "50O"; VariantName = "[No Variations]"
Add component (AddParameter): Name = "Frequency"; Value = "40MHz"; VariantName = "[No Variations]"
Add component (AddParameter): Name = "Height"; Value = "0.45mm"; VariantName = "[No Variations]"
Add component (AddParameter): Name = "Lead Free"; Value = "Yes"; VariantName = "[No Variations]"
Add component (AddParameter): Name = "Load Capacitance"; Value = "8pF"; VariantName = "[No Variations]"
Add component (AddParameter): Name = "Manufacturer"; Value = "Kyocera International Inc. Electronic Components"; VariantName = "[No Variations]"
Add component (AddParameter): Name = "Manufacturer Part Number"; Value = "CX2016DB40000D0FLJCC"; VariantName = "[No Variations]"
Add component (AddParameter): Name = "Mouser Description"; Value = "Crystal 40MHz 8pF 4-Pin SMD T/R"; VariantName = "[No Variations]"
Add component (AddParameter): Name = "Octopart"; Value = "https://octopart.com/cx2016db40000d0fljcc-avx+%2F+kyocera-71139660"; VariantName = "[No Variations]"
Add component (AddParameter): Name = "Package"; Value = "CX2016DB"; VariantName = "[No Variations]"
Add component (AddParameter): Name = "RoHS"; Value = "TRUE"; VariantName = "[No Variations]"
Add component (AddParameter): Name = "Series"; Value = "CX2016DB"; VariantName = "[No Variations]"
Add component (AddParameter): Name = "Stability"; Value = "15ppm"; VariantName = "[No Variations]"
Add component (AddParameter): Name = "Temperature"; Value = "-30°C to +85°C"; VariantName = "[No Variations]"
Add component (AddParameter): Name = "Temperature Range High"; Value = "+85°C"; VariantName = "[No Variations]"
Add component (AddParameter): Name = "Temperature Range Low"; Value = "-30°C"; VariantName = "[No Variations]"
Add component (AddParameter): Name = "Tolerance"; Value = "15ppm"; VariantName = "[No Variations]"
Added Pin To Net: NetName=NetC40_1 Pin=CAN1 CON-6
Added Pin To Net: NetName=NetC40_1 Pin=Y3-3
Added Pin To Net: NetName=NetC42_1 Pin=Y?-1
Added Pin To Net: NetName=GND Pin=Y?-2
Added Pin To Net: NetName=NetC43_1 Pin=Y?-3
Added Pin To Net: NetName=GND Pin=Y?-4
Added Member To Class: ClassName=Sheet1 Member=Component P2 Header 18X2
Added Member To Class: ClassName=Sheet1 Member=Component Y? CX2016DB40000D0FLJCC
