Change Component Designator: OldDesignator=MCU? NewDesignator=MCU
Change Net Name : Old Net Name=NetMCU?_1 New Net Name=NetMCU_1
Change Net Name : Old Net Name=NetMCU?_2 New Net Name=NetMCU_2
Change Net Name : Old Net Name=NetMCU?_3 New Net Name=NetMCU_3
Change Net Name : Old Net Name=NetMCU?_4 New Net Name=NetMCU_4
Change Net Name : Old Net Name=NetMCU?_7 New Net Name=NetMCU_7
Change Net Name : Old Net Name=NetMCU?_8 New Net Name=NetMCU_8
Change Net Name : Old Net Name=NetMCU?_9 New Net Name=NetMCU_9
Change Net Name : Old Net Name=NetMCU?_10 New Net Name=NetMCU_10
Change Net Name : Old Net Name=NetMCU?_11 New Net Name=NetMCU_11
Change Net Name : Old Net Name=NetMCU?_12 New Net Name=NetMCU_12
Change Net Name : Old Net Name=NetMCU?_13 New Net Name=NetMCU_13
Change Net Name : Old Net Name=NetMCU?_14 New Net Name=NetMCU_14
Change Net Name : Old Net Name=NetMCU?_15 New Net Name=NetMCU_15
Change Net Name : Old Net Name=NetMCU?_19 New Net Name=NetMCU_19
Change Net Name : Old Net Name=NetMCU?_20 New Net Name=NetMCU_20
Change Net Name : Old Net Name=NetMCU?_21 New Net Name=NetMCU_21
Change Net Name : Old Net Name=NetMCU?_22 New Net Name=NetMCU_22
Change Net Name : Old Net Name=NetMCU?_23 New Net Name=NetMCU_23
Change Net Name : Old Net Name=NetMCU?_24 New Net Name=NetMCU_24
Change Net Name : Old Net Name=NetMCU?_25 New Net Name=NetMCU_25
Change Net Name : Old Net Name=NetMCU?_26 New Net Name=NetMCU_26
Change Net Name : Old Net Name=NetMCU?_27 New Net Name=NetMCU_27
Change Net Name : Old Net Name=NetMCU?_28 New Net Name=NetMCU_28
Change Net Name : Old Net Name=NetMCU?_29 New Net Name=NetMCU_29
Change Net Name : Old Net Name=NetMCU?_30 New Net Name=NetMCU_30
Change Net Name : Old Net Name=NetMCU?_35 New Net Name=NetMCU_35
Change Net Name : Old Net Name=NetMCU?_36 New Net Name=NetMCU_36
Change Net Name : Old Net Name=NetMCU?_38 New Net Name=NetMCU_38
Change Net Name : Old Net Name=NetMCU?_39 New Net Name=NetMCU_39
Change Net Name : Old Net Name=NetMCU?_40 New Net Name=NetMCU_40
Change Net Name : Old Net Name=NetMCU?_41 New Net Name=NetMCU_41
Change Net Name : Old Net Name=NetMCU?_42 New Net Name=NetMCU_42
Change Net Name : Old Net Name=NetMCU?_45 New Net Name=NetMCU_45
Change Net Name : Old Net Name=NetMCU?_46 New Net Name=NetMCU_46
Change Net Name : Old Net Name=NetMCU?_47 New Net Name=NetMCU_47
Change Net Name : Old Net Name=NetMCU?_48 New Net Name=NetMCU_48
Change Net Name : Old Net Name=NetMCU?_49 New Net Name=NetMCU_49
Change Net Name : Old Net Name=NetMCU?_50 New Net Name=NetMCU_50
Change Net Name : Old Net Name=NetMCU?_53 New Net Name=NetMCU_53
Change Net Name : Old Net Name=NetMCU?_54 New Net Name=NetMCU_54
Change Net Name : Old Net Name=NetMCU?_55 New Net Name=NetMCU_55
Change Net Name : Old Net Name=NetMCU?_58 New Net Name=NetMCU_58
Change Net Name : Old Net Name=NetMCU?_59 New Net Name=NetMCU_59
Change Net Name : Old Net Name=NetMCU?_60 New Net Name=NetMCU_60
Change Net Name : Old Net Name=NetMCU?_61 New Net Name=NetMCU_61
Change Net Name : Old Net Name=NetMCU?_62 New Net Name=NetMCU_62
Change Net Name : Old Net Name=NetMCU?_63 New Net Name=NetMCU_63
Change Net Name : Old Net Name=NetMCU?_64 New Net Name=NetMCU_64
Change Net Name : Old Net Name=NetMCU?_65 New Net Name=NetMCU_65
Change Net Name : Old Net Name=NetMCU?_66 New Net Name=NetMCU_66
Change Net Name : Old Net Name=NetMCU?_67 New Net Name=NetMCU_67
Change Net Name : Old Net Name=NetMCU?_68 New Net Name=NetMCU_68
Change Net Name : Old Net Name=NetMCU?_69 New Net Name=NetMCU_69
Change Net Name : Old Net Name=NetMCU?_72 New Net Name=NetMCU_72
Change Net Name : Old Net Name=NetMCU?_73 New Net Name=NetMCU_73
Change Net Name : Old Net Name=NetMCU?_74 New Net Name=NetMCU_74
Change Net Name : Old Net Name=NetMCU?_75 New Net Name=NetMCU_75
Change Net Name : Old Net Name=NetMCU?_76 New Net Name=NetMCU_76
Change Net Name : Old Net Name=NetMCU?_77 New Net Name=NetMCU_77
Change Net Name : Old Net Name=NetMCU?_78 New Net Name=NetMCU_78
Change Net Name : Old Net Name=NetMCU?_79 New Net Name=NetMCU_79
Change Net Name : Old Net Name=NetMCU?_80 New Net Name=NetMCU_80
Change Net Name : Old Net Name=NetMCU?_81 New Net Name=NetMCU_81
Change Net Name : Old Net Name=NetMCU?_85 New Net Name=NetMCU_85
Change Net Name : Old Net Name=NetMCU?_86 New Net Name=NetMCU_86
Change Net Name : Old Net Name=NetMCU?_87 New Net Name=NetMCU_87
Change Net Name : Old Net Name=NetMCU?_88 New Net Name=NetMCU_88
Change Net Name : Old Net Name=NetMCU?_89 New Net Name=NetMCU_89
Change Net Name : Old Net Name=NetMCU?_90 New Net Name=NetMCU_90
Change Net Name : Old Net Name=NetMCU?_91 New Net Name=NetMCU_91
Change Net Name : Old Net Name=NetMCU?_92 New Net Name=NetMCU_92
Change Net Name : Old Net Name=NetMCU?_95 New Net Name=NetMCU_95
Change Net Name : Old Net Name=NetMCU?_96 New Net Name=NetMCU_96
Change Net Name : Old Net Name=NetMCU?_97 New Net Name=NetMCU_97
Change Net Name : Old Net Name=NetMCU?_98 New Net Name=NetMCU_98
Change Net Name : Old Net Name=NetMCU?_99 New Net Name=NetMCU_99
Change Net Name : Old Net Name=NetMCU?_100 New Net Name=NetMCU_100
Change Net Name : Old Net Name=NetMCU?_101 New Net Name=NetMCU_101
Change Net Name : Old Net Name=NetMCU?_102 New Net Name=NetMCU_102
Change Net Name : Old Net Name=NetMCU?_103 New Net Name=NetMCU_103
Change Net Name : Old Net Name=NetMCU?_104 New Net Name=NetMCU_104
Change Net Name : Old Net Name=NetMCU?_105 New Net Name=NetMCU_105
Change Net Name : Old Net Name=NetMCU?_113 New Net Name=NetMCU_113
Change Net Name : Old Net Name=NetMCU?_114 New Net Name=NetMCU_114
Change Net Name : Old Net Name=NetMCU?_115 New Net Name=NetMCU_115
Change Net Name : Old Net Name=NetMCU?_116 New Net Name=NetMCU_116
Change Net Name : Old Net Name=NetMCU?_117 New Net Name=NetMCU_117
Change Net Name : Old Net Name=NetMCU?_118 New Net Name=NetMCU_118
Change Net Name : Old Net Name=NetMCU?_119 New Net Name=NetMCU_119
Change Net Name : Old Net Name=NetMCU?_120 New Net Name=NetMCU_120
Change Net Name : Old Net Name=NetMCU?_123 New Net Name=NetMCU_123
Change Net Name : Old Net Name=NetMCU?_124 New Net Name=NetMCU_124
Change Net Name : Old Net Name=NetMCU?_125 New Net Name=NetMCU_125
Change Net Name : Old Net Name=NetMCU?_126 New Net Name=NetMCU_126
Change Net Name : Old Net Name=NetMCU?_127 New Net Name=NetMCU_127
Change Net Name : Old Net Name=NetMCU?_128 New Net Name=NetMCU_128
Change Net Name : Old Net Name=NetMCU?_132 New Net Name=NetMCU_132
Change Net Name : Old Net Name=NetMCU?_133 New Net Name=NetMCU_133
Change Net Name : Old Net Name=NetMCU?_136 New Net Name=NetMCU_136
Change Net Name : Old Net Name=NetMCU?_137 New Net Name=NetMCU_137
Change Net Name : Old Net Name=NetMCU?_138 New Net Name=NetMCU_138
Change Net Name : Old Net Name=NetMCU?_139 New Net Name=NetMCU_139
Change Net Name : Old Net Name=NetMCU?_140 New Net Name=NetMCU_140
Change Net Name : Old Net Name=NetMCU?_141 New Net Name=NetMCU_141
Change Net Name : Old Net Name=NetMCU?_142 New Net Name=NetMCU_142
Change Net Name : Old Net Name=NetMCU?_143 New Net Name=NetMCU_143
Change Net Name : Old Net Name=NetMCU?_144 New Net Name=NetMCU_144
Added Member To Class: ClassName=Sheet1 Member=Component C9 0805
Added Member To Class: ClassName=Sheet1 Member=Component J? 47589-0001
Added Member To Class: ClassName=Sheet1 Member=Component P2 Header 18X2
Added Member To Class: ClassName=Sheet1 Member=Component R12 0603
